Log file open, 04/10/24 16:54:25
LogWindows: Failed to load 'aqProf.dll' (GetLastError=126)
LogWindows: File 'aqProf.dll' does not exist
LogWindows: Failed to load 'VtuneApi.dll' (GetLastError=126)
LogWindows: File 'VtuneApi.dll' does not exist
LogWindows: Failed to load 'VtuneApi32e.dll' (GetLastError=126)
LogWindows: File 'VtuneApi32e.dll' does not exist
LogConsoleResponse: Display: Failed to find resolution value strings in scalability ini. Falling back to default.
LogConsoleResponse: Display: Failed to find resolution value strings in scalability ini. Falling back to default.
LogInit: Display: Running engine for game: TDShooter
LogPlatformFile: Not using cached read wrapper
LogTaskGraph: Started task graph with 5 named threads and 14 total threads with 3 sets of task threads.
LogStats: Stats thread started at 0.244555
LogICUInternationalization: ICU TimeZone Detection - Raw Offset: +1:00, Platform Override: ''
LogInit: Display: Loading text-based GConfig....
LogPluginManager: Mounting plugin MeshPainting
LogPluginManager: Mounting plugin XGEController
LogPluginManager: Mounting plugin Paper2D
LogPluginManager: Mounting plugin LiveLink
LogPluginManager: Mounting plugin AISupport
LogPluginManager: Mounting plugin EnvironmentQueryEditor
LogPluginManager: Mounting plugin LightPropagationVolume
LogPluginManager: Mounting plugin OodleData
LogPluginManager: Mounting plugin OodleNetwork
LogPluginManager: Mounting plugin CameraShakePreviewer
LogPluginManager: Mounting plugin GameplayCameras
LogPluginManager: Mounting plugin AnimationSharing
LogPluginManager: Mounting plugin AssetManagerEditor
LogPluginManager: Mounting plugin CLionSourceCodeAccess
LogPluginManager: Mounting plugin CodeLiteSourceCodeAccess
LogPluginManager: Mounting plugin GitSourceControl
LogPluginManager: Mounting plugin KDevelopSourceCodeAccess
LogPluginManager: Mounting plugin NullSourceCodeAccess
LogPluginManager: Mounting plugin PerforceSourceControl
LogPluginManager: Mounting plugin PixWinPlugin
LogPluginManager: Mounting plugin PlasticSourceControl
LogPluginManager: Mounting plugin PluginUtils
LogPluginManager: Mounting plugin PropertyAccessNode
LogPluginManager: Mounting plugin RiderSourceCodeAccess
LogPluginManager: Mounting plugin SubversionSourceControl
LogPluginManager: Mounting plugin CryptoKeys
LogPluginManager: Mounting plugin TextureFormatOodle
LogPluginManager: Mounting plugin CurveEditorTools
LogPluginManager: Mounting plugin DataValidation
LogPluginManager: Mounting plugin UObjectPlugin
LogPluginManager: Mounting plugin VisualStudioCodeSourceCodeAccess
LogPluginManager: Mounting plugin FacialAnimation
LogPluginManager: Mounting plugin GameplayTagsEditor
LogPluginManager: Mounting plugin VisualStudioSourceCodeAccess
LogPluginManager: Mounting plugin GeometryMode
LogPluginManager: Mounting plugin XCodeSourceCodeAccess
LogPluginManager: Mounting plugin MacGraphicsSwitching
LogPluginManager: Mounting plugin MaterialAnalyzer
LogPluginManager: Mounting plugin DatasmithContent
LogPluginManager: Mounting plugin MobileLauncherProfileWizard
LogPluginManager: Mounting plugin PluginBrowser
LogPluginManager: Mounting plugin SpeedTreeImporter
LogPluginManager: Mounting plugin VariantManagerContent
LogPluginManager: Mounting plugin AlembicImporter
LogPluginManager: Mounting plugin AutomationUtils
LogPluginManager: Mounting plugin BackChannel
LogPluginManager: Mounting plugin ChaosCloth
LogPluginManager: Mounting plugin ChaosClothEditor
LogPluginManager: Mounting plugin ChaosEditor
LogPluginManager: Mounting plugin ChaosNiagara
LogPluginManager: Mounting plugin ChaosSolverPlugin
LogPluginManager: Mounting plugin CharacterAI
LogPluginManager: Mounting plugin GeometryCache
LogPluginManager: Mounting plugin GeometryCollectionPlugin
LogPluginManager: Mounting plugin Niagara
LogPluginManager: Mounting plugin GeometryProcessing
LogPluginManager: Mounting plugin LuminPlatformFeatures
LogPluginManager: Mounting plugin MagicLeap
LogPluginManager: Mounting plugin MagicLeapLightEstimation
LogPluginManager: Mounting plugin MagicLeapMedia
LogPluginManager: Mounting plugin MagicLeapPassableWorld
LogPluginManager: Mounting plugin MLSDK
LogPluginManager: Mounting plugin MotoSynth
LogPluginManager: Mounting plugin OpenImageDenoise
LogPluginManager: Mounting plugin PlanarCut
LogPluginManager: Mounting plugin PlatformCrypto
LogPluginManager: Mounting plugin ProxyLODPlugin
LogPluginManager: Mounting plugin PythonScriptPlugin
LogPluginManager: Mounting plugin SkeletalReduction
LogPluginManager: Mounting plugin AndroidMedia
LogPluginManager: Mounting plugin AvfMedia
LogPluginManager: Mounting plugin ImgMedia
LogPluginManager: Mounting plugin MediaCompositing
LogPluginManager: Mounting plugin MediaPlayerEditor
LogPluginManager: Mounting plugin WebMMedia
LogPluginManager: Mounting plugin TcpMessaging
LogPluginManager: Mounting plugin ActorSequence
LogPluginManager: Mounting plugin UdpMessaging
LogPluginManager: Mounting plugin LevelSequenceEditor
LogPluginManager: Mounting plugin MatineeToLevelSequence
LogPluginManager: Mounting plugin TemplateSequence
LogPluginManager: Mounting plugin OnlineSubsystem
LogPluginManager: Mounting plugin OnlineSubsystemNull
LogPluginManager: Mounting plugin OnlineSubsystemUtils
LogPluginManager: Mounting plugin ActorLayerUtilities
LogPluginManager: Mounting plugin LauncherChunkInstaller
LogPluginManager: Mounting plugin AndroidMoviePlayer
LogPluginManager: Mounting plugin AndroidDeviceProfileSelector
LogPluginManager: Mounting plugin AndroidPermission
LogPluginManager: Mounting plugin AppleImageUtils
LogPluginManager: Mounting plugin AppleMoviePlayer
LogPluginManager: Mounting plugin ArchVisCharacter
LogPluginManager: Mounting plugin AssetTags
LogPluginManager: Mounting plugin AudioCapture
LogPluginManager: Mounting plugin AudioSynesthesia
LogPluginManager: Mounting plugin CableComponent
LogPluginManager: Mounting plugin ChunkDownloader
LogPluginManager: Mounting plugin CustomMeshComponent
LogPluginManager: Mounting plugin EditableMesh
LogPluginManager: Mounting plugin ExampleDeviceProfileSelector
LogPluginManager: Mounting plugin GoogleCloudMessaging
LogPluginManager: Mounting plugin GooglePAD
LogPluginManager: Mounting plugin IOSDeviceProfileSelector
LogPluginManager: Mounting plugin LinuxDeviceProfileSelector
LogPluginManager: Mounting plugin LocationServicesBPLibrary
LogPluginManager: Mounting plugin MobilePatchingUtils
LogPluginManager: Mounting plugin OpenXR
LogPluginManager: Mounting plugin OpenXREyeTracker
LogPluginManager: Mounting plugin OpenXRHandTracking
LogPluginManager: Mounting plugin PhysXVehicles
LogPluginManager: Mounting plugin PostSplashScreen
LogPluginManager: Mounting plugin ProceduralMeshComponent
LogPluginManager: Mounting plugin PropertyAccessEditor
LogPluginManager: Mounting plugin RuntimePhysXCooking
LogPluginManager: Mounting plugin SignificanceManager
LogPluginManager: Mounting plugin SoundFields
LogPluginManager: Mounting plugin WmfMedia
LogPluginManager: Mounting plugin Synthesis
LogPluginManager: Mounting plugin WebMMoviePlayer
LogPluginManager: Mounting plugin WindowsMoviePlayer
LogPluginManager: Mounting plugin ScreenshotTools
LogPluginManager: Mounting plugin Takes
LogPluginManager: Mounting plugin ContentBrowserClassDataSource
LogPluginManager: Mounting plugin ContentBrowserAssetDataSource
LogPluginManager: Mounting plugin ContentBrowserFileDataSource
LogPluginManager: Mounting plugin OnlineSubsystemGooglePlay
LogPluginManager: Mounting plugin OnlineSubsystemIOS
LogPluginManager: Mounting plugin OculusVR
LogPluginManager: Mounting plugin SteamVR
PixWinPlugin: PIX capture plugin failed to initialize! Check that the process is launched from PIX.
LogLuminAPIImpl: Warning: MLSDK not found.  This likely means the MLSDK environment variable is not set.
LogInit: Using libcurl 7.55.1-DEV
LogInit:  - built for x86_64-pc-win32
LogInit:  - supports SSL with OpenSSL/1.1.1
LogInit:  - supports HTTP deflate (compression) using libz 1.2.8
LogInit:  - other features:
LogInit:      CURL_VERSION_SSL
LogInit:      CURL_VERSION_LIBZ
LogInit:      CURL_VERSION_IPV6
LogInit:      CURL_VERSION_ASYNCHDNS
LogInit:      CURL_VERSION_LARGEFILE
LogInit:      CURL_VERSION_IDN
LogInit:  CurlRequestOptions (configurable via config and command line):
LogInit:  - bVerifyPeer = true  - Libcurl will verify peer certificate
LogInit:  - bUseHttpProxy = false  - Libcurl will NOT use HTTP proxy
LogInit:  - bDontReuseConnections = false  - Libcurl will reuse connections
LogInit:  - MaxHostConnections = 16  - Libcurl will limit the number of connections to a host
LogInit:  - LocalHostAddr = Default
LogInit:  - BufferSize = 65536
LogOnline: OSS: Creating online subsystem instance for: NULL
LogInit: WinSock: version 1.1 (2.2), MaxSocks=32767, MaxUdp=65467
LogOnline: OSS: TryLoadSubsystemAndSetDefault: Loaded subsystem for module [NULL]
LogOculusPluginWrapper: OculusPlugin initialized successfully
LogHMD: Failed initializing OVRPlugin 1.59.0
LogInit: Build: ++UE4+Release-4.27-CL-18319896
LogInit: Engine Version: 4.27.2-18319896+++UE4+Release-4.27
LogInit: Compatible Engine Version: 4.27.0-17155196+++UE4+Release-4.27
LogInit: Net CL: 17155196
LogInit: OS: Windows 10 (Release 2009) (), CPU: Intel(R) Core(TM) i5-7500 CPU @ 3.40GHz, GPU: NVIDIA GeForce GTX 1050
LogInit: Compiled (64-bit): Nov 30 2021 07:12:08
LogInit: Compiled with Visual C++: 19.24.28315.00
LogInit: Build Configuration: Development
LogInit: Branch Name: ++UE4+Release-4.27
LogInit: Command Line: 
LogInit: Base Directory: E:/epic/UE_4.27/Engine/Binaries/Win64/
LogInit: Allocator: TBB
LogInit: Installed Engine Build: 1
LogDevObjectVersion: Number of dev versions registered: 29
LogDevObjectVersion:   Dev-Blueprints (B0D832E4-1F89-4F0D-ACCF-7EB736FD4AA2): 10
LogDevObjectVersion:   Dev-Build (E1C64328-A22C-4D53-A36C-8E866417BD8C): 0
LogDevObjectVersion:   Dev-Core (375EC13C-06E4-48FB-B500-84F0262A717E): 4
LogDevObjectVersion:   Dev-Editor (E4B068ED-F494-42E9-A231-DA0B2E46BB41): 40
LogDevObjectVersion:   Dev-Framework (CFFC743F-43B0-4480-9391-14DF171D2073): 37
LogDevObjectVersion:   Dev-Mobile (B02B49B5-BB20-44E9-A304-32B752E40360): 3
LogDevObjectVersion:   Dev-Networking (A4E4105C-59A1-49B5-A7C5-40C4547EDFEE): 0
LogDevObjectVersion:   Dev-Online (39C831C9-5AE6-47DC-9A44-9C173E1C8E7C): 0
LogDevObjectVersion:   Dev-Physics (78F01B33-EBEA-4F98-B9B4-84EACCB95AA2): 14
LogDevObjectVersion:   Dev-Platform (6631380F-2D4D-43E0-8009-CF276956A95A): 0
LogDevObjectVersion:   Dev-Rendering (12F88B9F-8875-4AFC-A67C-D90C383ABD29): 45
LogDevObjectVersion:   Dev-Sequencer (7B5AE74C-D270-4C10-A958-57980B212A5A): 13
LogDevObjectVersion:   Dev-VR (D7296918-1DD6-4BDD-9DE2-64A83CC13884): 3
LogDevObjectVersion:   Dev-LoadTimes (C2A15278-BFE7-4AFE-6C17-90FF531DF755): 1
LogDevObjectVersion:   Private-Geometry (6EACA3D4-40EC-4CC1-B786-8BED09428FC5): 3
LogDevObjectVersion:   Dev-AnimPhys (29E575DD-E0A3-4627-9D10-D276232CDCEA): 17
LogDevObjectVersion:   Dev-Anim (AF43A65D-7FD3-4947-9873-3E8ED9C1BB05): 15
LogDevObjectVersion:   Dev-ReflectionCapture (6B266CEC-1EC7-4B8F-A30B-E4D90942FC07): 1
LogDevObjectVersion:   Dev-Automation (0DF73D61-A23F-47EA-B727-89E90C41499A): 1
LogDevObjectVersion:   FortniteMain (601D1886-AC64-4F84-AA16-D3DE0DEAC7D6): 47
LogDevObjectVersion:   FortniteRelease (E7086368-6B23-4C58-8439-1B7016265E91): 1
LogDevObjectVersion:   Dev-Enterprise (9DFFBCD6-494F-0158-E221-12823C92A888): 10
LogDevObjectVersion:   Dev-Niagara (F2AED0AC-9AFE-416F-8664-AA7FFA26D6FC): 1
LogDevObjectVersion:   Dev-Destruction (174F1F0B-B4C6-45A5-B13F-2EE8D0FB917D): 10
LogDevObjectVersion:   Dev-Physics-Ext (35F94A83-E258-406C-A318-09F59610247C): 41
LogDevObjectVersion:   Dev-PhysicsMaterial-Chaos (B68FC16E-8B1B-42E2-B453-215C058844FE): 1
LogDevObjectVersion:   Dev-CineCamera (B2E18506-4273-CFC2-A54E-F4BB758BBA07): 1
LogDevObjectVersion:   Dev-VirtualProduction (64F58936-FD1B-42BA-BA96-7289D5D0FA4E): 1
LogDevObjectVersion:   Dev-MediaFramework (6F0ED827-A609-4895-9C91-998D90180EA4): 2
LogInit: Presizing for max 25165824 objects, including 0 objects not considered by GC, pre-allocating 0 bytes for permanent pool.
LogConfig: Applying CVar settings from Section [/Script/Engine.StreamingSettings] File [E:/M.O/topdownshooter/TDShooter/Saved/Config/Windows/Engine.ini]
LogConfig: Setting CVar [[s.MinBulkDataSizeForAsyncLoading:131072]]
LogConfig: Setting CVar [[s.AsyncLoadingThreadEnabled:0]]
LogConfig: Setting CVar [[s.EventDrivenLoaderEnabled:1]]
LogConfig: Setting CVar [[s.WarnIfTimeLimitExceeded:0]]
LogConfig: Setting CVar [[s.TimeLimitExceededMultiplier:1.5]]
LogConfig: Setting CVar [[s.TimeLimitExceededMinTime:0.005]]
LogConfig: Setting CVar [[s.UseBackgroundLevelStreaming:1]]
LogConfig: Setting CVar [[s.PriorityAsyncLoadingExtraTime:15.0]]
LogConfig: Setting CVar [[s.LevelStreamingActorsUpdateTimeLimit:5.0]]
LogConfig: Setting CVar [[s.PriorityLevelStreamingActorsUpdateExtraTime:5.0]]
LogConfig: Setting CVar [[s.LevelStreamingComponentsRegistrationGranularity:10]]
LogConfig: Setting CVar [[s.UnregisterComponentsTimeLimit:1.0]]
LogConfig: Setting CVar [[s.LevelStreamingComponentsUnregistrationGranularity:5]]
LogConfig: Setting CVar [[s.FlushStreamingOnExit:1]]
LogInit: Object subsystem initialized
LogConfig: Setting CVar [[con.DebugEarlyDefault:1]]
LogConfig: Setting CVar [[r.setres:1280x720]]
[2024.04.10-14.54.26:308][  0]LogConfig: Setting CVar [[r.VSync:0]]
[2024.04.10-14.54.26:308][  0]LogConfig: Setting CVar [[r.RHICmdBypass:0]]
[2024.04.10-14.54.26:308][  0]LogConfig: Applying CVar settings from Section [/Script/Engine.RendererSettings] File [E:/M.O/topdownshooter/TDShooter/Saved/Config/Windows/Engine.ini]
[2024.04.10-14.54.26:308][  0]LogConfig: Setting CVar [[r.GPUCrashDebugging:0]]
[2024.04.10-14.54.26:308][  0]LogConfig: Applying CVar settings from Section [/Script/Engine.RendererOverrideSettings] File [E:/M.O/topdownshooter/TDShooter/Saved/Config/Windows/Engine.ini]
[2024.04.10-14.54.26:309][  0]LogConfig: Applying CVar settings from Section [/Script/Engine.StreamingSettings] File [E:/M.O/topdownshooter/TDShooter/Saved/Config/Windows/Engine.ini]
[2024.04.10-14.54.26:309][  0]LogConfig: Setting CVar [[s.MinBulkDataSizeForAsyncLoading:131072]]
[2024.04.10-14.54.26:309][  0]LogConfig: Setting CVar [[s.AsyncLoadingThreadEnabled:0]]
[2024.04.10-14.54.26:309][  0]LogConfig: Setting CVar [[s.EventDrivenLoaderEnabled:1]]
[2024.04.10-14.54.26:309][  0]LogConfig: Setting CVar [[s.WarnIfTimeLimitExceeded:0]]
[2024.04.10-14.54.26:309][  0]LogConfig: Setting CVar [[s.TimeLimitExceededMultiplier:1.5]]
[2024.04.10-14.54.26:309][  0]LogConfig: Setting CVar [[s.TimeLimitExceededMinTime:0.005]]
[2024.04.10-14.54.26:309][  0]LogConfig: Setting CVar [[s.UseBackgroundLevelStreaming:1]]
[2024.04.10-14.54.26:309][  0]LogConfig: Setting CVar [[s.PriorityAsyncLoadingExtraTime:15.0]]
[2024.04.10-14.54.26:309][  0]LogConfig: Setting CVar [[s.LevelStreamingActorsUpdateTimeLimit:5.0]]
[2024.04.10-14.54.26:309][  0]LogConfig: Setting CVar [[s.PriorityLevelStreamingActorsUpdateExtraTime:5.0]]
[2024.04.10-14.54.26:309][  0]LogConfig: Setting CVar [[s.LevelStreamingComponentsRegistrationGranularity:10]]
[2024.04.10-14.54.26:309][  0]LogConfig: Setting CVar [[s.UnregisterComponentsTimeLimit:1.0]]
[2024.04.10-14.54.26:309][  0]LogConfig: Setting CVar [[s.LevelStreamingComponentsUnregistrationGranularity:5]]
[2024.04.10-14.54.26:309][  0]LogConfig: Setting CVar [[s.FlushStreamingOnExit:1]]
[2024.04.10-14.54.26:309][  0]LogConfig: Applying CVar settings from Section [/Script/Engine.GarbageCollectionSettings] File [E:/M.O/topdownshooter/TDShooter/Saved/Config/Windows/Engine.ini]
[2024.04.10-14.54.26:309][  0]LogConfig: Setting CVar [[gc.MaxObjectsNotConsideredByGC:1]]
[2024.04.10-14.54.26:309][  0]LogConfig: Setting CVar [[gc.SizeOfPermanentObjectPool:0]]
[2024.04.10-14.54.26:309][  0]LogConfig: Setting CVar [[gc.FlushStreamingOnGC:0]]
[2024.04.10-14.54.26:309][  0]LogConfig: Setting CVar [[gc.NumRetriesBeforeForcingGC:10]]
[2024.04.10-14.54.26:309][  0]LogConfig: Setting CVar [[gc.AllowParallelGC:1]]
[2024.04.10-14.54.26:309][  0]LogConfig: Setting CVar [[gc.TimeBetweenPurgingPendingKillObjects:61.1]]
[2024.04.10-14.54.26:309][  0]LogConfig: Setting CVar [[gc.MaxObjectsInEditor:25165824]]
[2024.04.10-14.54.26:309][  0]LogConfig: Setting CVar [[gc.IncrementalBeginDestroyEnabled:1]]
[2024.04.10-14.54.26:309][  0]LogConfig: Setting CVar [[gc.CreateGCClusters:1]]
[2024.04.10-14.54.26:309][  0]LogConfig: Setting CVar [[gc.MinGCClusterSize:5]]
[2024.04.10-14.54.26:309][  0]LogConfig: Setting CVar [[gc.ActorClusteringEnabled:0]]
[2024.04.10-14.54.26:309][  0]LogConfig: Setting CVar [[gc.BlueprintClusteringEnabled:0]]
[2024.04.10-14.54.26:309][  0]LogConfig: Setting CVar [[gc.UseDisregardForGCOnDedicatedServers:0]]
[2024.04.10-14.54.26:309][  0]LogConfig: Setting CVar [[gc.MultithreadedDestructionEnabled:1]]
[2024.04.10-14.54.26:309][  0]LogConfig: Applying CVar settings from Section [/Script/Engine.NetworkSettings] File [E:/M.O/topdownshooter/TDShooter/Saved/Config/Windows/Engine.ini]
[2024.04.10-14.54.26:309][  0]LogConfig: Applying CVar settings from Section [/Script/UnrealEd.CookerSettings] File [E:/M.O/topdownshooter/TDShooter/Saved/Config/Windows/Engine.ini]
[2024.04.10-14.54.26:334][  0]LogConfig: Applying CVar settings from Section [ViewDistanceQuality@3] File [E:/M.O/topdownshooter/TDShooter/Saved/Config/Windows/Scalability.ini]
[2024.04.10-14.54.26:334][  0]LogConfig: Setting CVar [[r.SkeletalMeshLODBias:0]]
[2024.04.10-14.54.26:334][  0]LogConfig: Setting CVar [[r.ViewDistanceScale:1.0]]
[2024.04.10-14.54.26:334][  0]LogConfig: Applying CVar settings from Section [AntiAliasingQuality@3] File [E:/M.O/topdownshooter/TDShooter/Saved/Config/Windows/Scalability.ini]
[2024.04.10-14.54.26:334][  0]LogConfig: Setting CVar [[r.PostProcessAAQuality:4]]
[2024.04.10-14.54.26:334][  0]LogConfig: Applying CVar settings from Section [ShadowQuality@3] File [E:/M.O/topdownshooter/TDShooter/Saved/Config/Windows/Scalability.ini]
[2024.04.10-14.54.26:334][  0]LogConfig: Setting CVar [[r.LightFunctionQuality:1]]
[2024.04.10-14.54.26:334][  0]LogConfig: Setting CVar [[r.ShadowQuality:5]]
[2024.04.10-14.54.26:334][  0]LogConfig: Setting CVar [[r.Shadow.CSM.MaxCascades:10]]
[2024.04.10-14.54.26:334][  0]LogConfig: Setting CVar [[r.Shadow.MaxResolution:2048]]
[2024.04.10-14.54.26:334][  0]LogConfig: Setting CVar [[r.Shadow.MaxCSMResolution:2048]]
[2024.04.10-14.54.26:334][  0]LogConfig: Setting CVar [[r.Shadow.RadiusThreshold:0.01]]
[2024.04.10-14.54.26:334][  0]LogConfig: Setting CVar [[r.Shadow.DistanceScale:1.0]]
[2024.04.10-14.54.26:334][  0]LogConfig: Setting CVar [[r.Shadow.CSM.TransitionScale:1.0]]
[2024.04.10-14.54.26:334][  0]LogConfig: Setting CVar [[r.Shadow.PreShadowResolutionFactor:1.0]]
[2024.04.10-14.54.26:334][  0]LogConfig: Setting CVar [[r.DistanceFieldShadowing:1]]
[2024.04.10-14.54.26:334][  0]LogConfig: Setting CVar [[r.DistanceFieldAO:1]]
[2024.04.10-14.54.26:334][  0]LogConfig: Setting CVar [[r.AOQuality:2]]
[2024.04.10-14.54.26:334][  0]LogConfig: Setting CVar [[r.VolumetricFog:1]]
[2024.04.10-14.54.26:334][  0]LogConfig: Setting CVar [[r.VolumetricFog.GridPixelSize:8]]
[2024.04.10-14.54.26:334][  0]LogConfig: Setting CVar [[r.VolumetricFog.GridSizeZ:128]]
[2024.04.10-14.54.26:334][  0]LogConfig: Setting CVar [[r.VolumetricFog.HistoryMissSupersampleCount:4]]
[2024.04.10-14.54.26:334][  0]LogConfig: Setting CVar [[r.LightMaxDrawDistanceScale:1]]
[2024.04.10-14.54.26:334][  0]LogConfig: Setting CVar [[r.CapsuleShadows:1]]
[2024.04.10-14.54.26:334][  0]LogConfig: Applying CVar settings from Section [PostProcessQuality@3] File [E:/M.O/topdownshooter/TDShooter/Saved/Config/Windows/Scalability.ini]
[2024.04.10-14.54.26:334][  0]LogConfig: Setting CVar [[r.MotionBlurQuality:4]]
[2024.04.10-14.54.26:334][  0]LogConfig: Setting CVar [[r.AmbientOcclusionMipLevelFactor:0.4]]
[2024.04.10-14.54.26:334][  0]LogConfig: Setting CVar [[r.AmbientOcclusionMaxQuality:100]]
[2024.04.10-14.54.26:334][  0]LogConfig: Setting CVar [[r.AmbientOcclusionLevels:-1]]
[2024.04.10-14.54.26:334][  0]LogConfig: Setting CVar [[r.AmbientOcclusionRadiusScale:1.0]]
[2024.04.10-14.54.26:334][  0]LogConfig: Setting CVar [[r.DepthOfFieldQuality:2]]
[2024.04.10-14.54.26:334][  0]LogConfig: Setting CVar [[r.RenderTargetPoolMin:400]]
[2024.04.10-14.54.26:334][  0]LogConfig: Setting CVar [[r.LensFlareQuality:2]]
[2024.04.10-14.54.26:334][  0]LogConfig: Setting CVar [[r.SceneColorFringeQuality:1]]
[2024.04.10-14.54.26:334][  0]LogConfig: Setting CVar [[r.EyeAdaptationQuality:2]]
[2024.04.10-14.54.26:335][  0]LogConfig: Setting CVar [[r.BloomQuality:5]]
[2024.04.10-14.54.26:335][  0]LogConfig: Setting CVar [[r.FastBlurThreshold:100]]
[2024.04.10-14.54.26:335][  0]LogConfig: Setting CVar [[r.Upscale.Quality:3]]
[2024.04.10-14.54.26:335][  0]LogConfig: Setting CVar [[r.Tonemapper.GrainQuantization:1]]
[2024.04.10-14.54.26:335][  0]LogConfig: Setting CVar [[r.LightShaftQuality:1]]
[2024.04.10-14.54.26:335][  0]LogConfig: Setting CVar [[r.Filter.SizeScale:1]]
[2024.04.10-14.54.26:335][  0]LogConfig: Setting CVar [[r.Tonemapper.Quality:5]]
[2024.04.10-14.54.26:335][  0]LogConfig: Setting CVar [[r.DOF.Gather.AccumulatorQuality:1        ; higher gathering accumulator quality]]
[2024.04.10-14.54.26:335][  0]LogConfig: Setting CVar [[r.DOF.Gather.PostfilterMethod:1          ; Median3x3 postfilering method]]
[2024.04.10-14.54.26:335][  0]LogConfig: Setting CVar [[r.DOF.Gather.EnableBokehSettings:0       ; no bokeh simulation when gathering]]
[2024.04.10-14.54.26:335][  0]LogConfig: Setting CVar [[r.DOF.Gather.RingCount:4                 ; medium number of samples when gathering]]
[2024.04.10-14.54.26:335][  0]LogConfig: Setting CVar [[r.DOF.Scatter.ForegroundCompositing:1    ; additive foreground scattering]]
[2024.04.10-14.54.26:335][  0]LogConfig: Setting CVar [[r.DOF.Scatter.BackgroundCompositing:2    ; additive background scattering]]
[2024.04.10-14.54.26:335][  0]LogConfig: Setting CVar [[r.DOF.Scatter.EnableBokehSettings:1      ; bokeh simulation when scattering]]
[2024.04.10-14.54.26:335][  0]LogConfig: Setting CVar [[r.DOF.Scatter.MaxSpriteRatio:0.1         ; only a maximum of 10% of scattered bokeh]]
[2024.04.10-14.54.26:335][  0]LogConfig: Setting CVar [[r.DOF.Recombine.Quality:1                ; cheap slight out of focus]]
[2024.04.10-14.54.26:335][  0]LogConfig: Setting CVar [[r.DOF.Recombine.EnableBokehSettings:0    ; no bokeh simulation on slight out of focus]]
[2024.04.10-14.54.26:335][  0]LogConfig: Setting CVar [[r.DOF.TemporalAAQuality:1                ; more stable temporal accumulation]]
[2024.04.10-14.54.26:335][  0]LogConfig: Setting CVar [[r.DOF.Kernel.MaxForegroundRadius:0.025]]
[2024.04.10-14.54.26:335][  0]LogConfig: Setting CVar [[r.DOF.Kernel.MaxBackgroundRadius:0.025]]
[2024.04.10-14.54.26:335][  0]LogConfig: Applying CVar settings from Section [TextureQuality@3] File [E:/M.O/topdownshooter/TDShooter/Saved/Config/Windows/Scalability.ini]
[2024.04.10-14.54.26:335][  0]LogConfig: Setting CVar [[r.Streaming.MipBias:0]]
[2024.04.10-14.54.26:335][  0]LogConfig: Setting CVar [[r.Streaming.AmortizeCPUToGPUCopy:0]]
[2024.04.10-14.54.26:335][  0]LogConfig: Setting CVar [[r.Streaming.MaxNumTexturesToStreamPerFrame:0]]
[2024.04.10-14.54.26:335][  0]LogConfig: Setting CVar [[r.Streaming.Boost:1]]
[2024.04.10-14.54.26:335][  0]LogConfig: Setting CVar [[r.MaxAnisotropy:8]]
[2024.04.10-14.54.26:335][  0]LogConfig: Setting CVar [[r.VT.MaxAnisotropy:8]]
[2024.04.10-14.54.26:335][  0]LogConfig: Setting CVar [[r.Streaming.LimitPoolSizeToVRAM:0]]
[2024.04.10-14.54.26:335][  0]LogConfig: Setting CVar [[r.Streaming.PoolSize:1000]]
[2024.04.10-14.54.26:335][  0]LogConfig: Setting CVar [[r.Streaming.MaxEffectiveScreenSize:0]]
[2024.04.10-14.54.26:335][  0]LogConfig: Applying CVar settings from Section [EffectsQuality@3] File [E:/M.O/topdownshooter/TDShooter/Saved/Config/Windows/Scalability.ini]
[2024.04.10-14.54.26:335][  0]LogConfig: Setting CVar [[r.TranslucencyLightingVolumeDim:64]]
[2024.04.10-14.54.26:335][  0]LogConfig: Setting CVar [[r.RefractionQuality:2]]
[2024.04.10-14.54.26:335][  0]LogConfig: Setting CVar [[r.SSR.Quality:3]]
[2024.04.10-14.54.26:335][  0]LogConfig: Setting CVar [[r.SSR.HalfResSceneColor:0]]
[2024.04.10-14.54.26:335][  0]LogConfig: Setting CVar [[r.SceneColorFormat:4]]
[2024.04.10-14.54.26:335][  0]LogConfig: Setting CVar [[r.DetailMode:2]]
[2024.04.10-14.54.26:335][  0]LogConfig: Setting CVar [[r.TranslucencyVolumeBlur:1]]
[2024.04.10-14.54.26:335][  0]LogConfig: Setting CVar [[r.MaterialQualityLevel:1 ; High quality]]
[2024.04.10-14.54.26:335][  0]LogConfig: Setting CVar [[r.AnisotropicMaterials:1]]
[2024.04.10-14.54.26:335][  0]LogConfig: Setting CVar [[r.SSS.Scale:1]]
[2024.04.10-14.54.26:335][  0]LogConfig: Setting CVar [[r.SSS.SampleSet:2]]
[2024.04.10-14.54.26:335][  0]LogConfig: Setting CVar [[r.SSS.Quality:1]]
[2024.04.10-14.54.26:335][  0]LogConfig: Setting CVar [[r.SSS.HalfRes:0]]
[2024.04.10-14.54.26:335][  0]LogConfig: Setting CVar [[r.SSGI.Quality:3]]
[2024.04.10-14.54.26:335][  0]LogConfig: Setting CVar [[r.EmitterSpawnRateScale:1.0]]
[2024.04.10-14.54.26:335][  0]LogConfig: Setting CVar [[r.ParticleLightQuality:2]]
[2024.04.10-14.54.26:335][  0]LogConfig: Setting CVar [[r.SkyAtmosphere.AerialPerspectiveLUT.FastApplyOnOpaque:1 ; Always have FastSkyLUT 1 in this case to avoid wrong sky]]
[2024.04.10-14.54.26:335][  0]LogConfig: Setting CVar [[r.SkyAtmosphere.AerialPerspectiveLUT.SampleCountMaxPerSlice:4]]
[2024.04.10-14.54.26:335][  0]LogConfig: Setting CVar [[r.SkyAtmosphere.AerialPerspectiveLUT.DepthResolution:16.0]]
[2024.04.10-14.54.26:335][  0]LogConfig: Setting CVar [[r.SkyAtmosphere.FastSkyLUT:1]]
[2024.04.10-14.54.26:335][  0]LogConfig: Setting CVar [[r.SkyAtmosphere.FastSkyLUT.SampleCountMin:4.0]]
[2024.04.10-14.54.26:335][  0]LogConfig: Setting CVar [[r.SkyAtmosphere.FastSkyLUT.SampleCountMax:128.0]]
[2024.04.10-14.54.26:335][  0]LogConfig: Setting CVar [[r.SkyAtmosphere.SampleCountMin:4.0]]
[2024.04.10-14.54.26:335][  0]LogConfig: Setting CVar [[r.SkyAtmosphere.SampleCountMax:128.0]]
[2024.04.10-14.54.26:335][  0]LogConfig: Setting CVar [[r.SkyAtmosphere.TransmittanceLUT.UseSmallFormat:0]]
[2024.04.10-14.54.26:336][  0]LogConfig: Setting CVar [[r.SkyAtmosphere.TransmittanceLUT.SampleCount:10.0]]
[2024.04.10-14.54.26:336][  0]LogConfig: Setting CVar [[r.SkyAtmosphere.MultiScatteringLUT.SampleCount:15.0]]
[2024.04.10-14.54.26:336][  0]LogConfig: Setting CVar [[r.SkyLight.RealTimeReflectionCapture:1]]
[2024.04.10-14.54.26:336][  0]LogConfig: Applying CVar settings from Section [FoliageQuality@3] File [E:/M.O/topdownshooter/TDShooter/Saved/Config/Windows/Scalability.ini]
[2024.04.10-14.54.26:336][  0]LogConfig: Setting CVar [[foliage.DensityScale:1.0]]
[2024.04.10-14.54.26:336][  0]LogConfig: Setting CVar [[grass.DensityScale:1.0]]
[2024.04.10-14.54.26:336][  0]LogConfig: Applying CVar settings from Section [ShadingQuality@3] File [E:/M.O/topdownshooter/TDShooter/Saved/Config/Windows/Scalability.ini]
[2024.04.10-14.54.26:336][  0]LogConfig: Setting CVar [[r.HairStrands.SkyLighting.IntegrationType:2]]
[2024.04.10-14.54.26:336][  0]LogConfig: Setting CVar [[r.HairStrands.SkyAO.SampleCount:4]]
[2024.04.10-14.54.26:336][  0]LogConfig: Setting CVar [[r.HairStrands.Visibility.MSAA.SamplePerPixel:4]]
[2024.04.10-14.54.26:336][  0]LogInit: Selected Device Profile: [Windows]
[2024.04.10-14.54.26:336][  0]LogInit: Applying CVar settings loaded from the selected device profile: [Windows]
[2024.04.10-14.54.26:336][  0]LogHAL: Display: Platform has ~ 16 GB [17136349184 / 17179869184 / 16], which maps to Larger [LargestMinGB=32, LargerMinGB=12, DefaultMinGB=8, SmallerMinGB=6, SmallestMinGB=0)
[2024.04.10-14.54.26:336][  0]LogInit: Going up to parent DeviceProfile []
[2024.04.10-14.54.26:336][  0]LogConfig: Applying CVar settings from Section [ViewDistanceQuality@3] File [E:/M.O/topdownshooter/TDShooter/Saved/Config/Windows/Scalability.ini]
[2024.04.10-14.54.26:336][  0]LogConfig: Setting CVar [[r.SkeletalMeshLODBias:0]]
[2024.04.10-14.54.26:336][  0]LogConfig: Setting CVar [[r.ViewDistanceScale:1.0]]
[2024.04.10-14.54.26:336][  0]LogConfig: Applying CVar settings from Section [AntiAliasingQuality@3] File [E:/M.O/topdownshooter/TDShooter/Saved/Config/Windows/Scalability.ini]
[2024.04.10-14.54.26:336][  0]LogConfig: Setting CVar [[r.PostProcessAAQuality:4]]
[2024.04.10-14.54.26:336][  0]LogConfig: Applying CVar settings from Section [ShadowQuality@3] File [E:/M.O/topdownshooter/TDShooter/Saved/Config/Windows/Scalability.ini]
[2024.04.10-14.54.26:336][  0]LogConfig: Setting CVar [[r.LightFunctionQuality:1]]
[2024.04.10-14.54.26:336][  0]LogConfig: Setting CVar [[r.ShadowQuality:5]]
[2024.04.10-14.54.26:336][  0]LogConfig: Setting CVar [[r.Shadow.CSM.MaxCascades:10]]
[2024.04.10-14.54.26:336][  0]LogConfig: Setting CVar [[r.Shadow.MaxResolution:2048]]
[2024.04.10-14.54.26:336][  0]LogConfig: Setting CVar [[r.Shadow.MaxCSMResolution:2048]]
[2024.04.10-14.54.26:336][  0]LogConfig: Setting CVar [[r.Shadow.RadiusThreshold:0.01]]
[2024.04.10-14.54.26:336][  0]LogConfig: Setting CVar [[r.Shadow.DistanceScale:1.0]]
[2024.04.10-14.54.26:336][  0]LogConfig: Setting CVar [[r.Shadow.CSM.TransitionScale:1.0]]
[2024.04.10-14.54.26:336][  0]LogConfig: Setting CVar [[r.Shadow.PreShadowResolutionFactor:1.0]]
[2024.04.10-14.54.26:336][  0]LogConfig: Setting CVar [[r.DistanceFieldShadowing:1]]
[2024.04.10-14.54.26:336][  0]LogConfig: Setting CVar [[r.DistanceFieldAO:1]]
[2024.04.10-14.54.26:336][  0]LogConfig: Setting CVar [[r.AOQuality:2]]
[2024.04.10-14.54.26:336][  0]LogConfig: Setting CVar [[r.VolumetricFog:1]]
[2024.04.10-14.54.26:336][  0]LogConfig: Setting CVar [[r.VolumetricFog.GridPixelSize:8]]
[2024.04.10-14.54.26:336][  0]LogConfig: Setting CVar [[r.VolumetricFog.GridSizeZ:128]]
[2024.04.10-14.54.26:336][  0]LogConfig: Setting CVar [[r.VolumetricFog.HistoryMissSupersampleCount:4]]
[2024.04.10-14.54.26:336][  0]LogConfig: Setting CVar [[r.LightMaxDrawDistanceScale:1]]
[2024.04.10-14.54.26:336][  0]LogConfig: Setting CVar [[r.CapsuleShadows:1]]
[2024.04.10-14.54.26:336][  0]LogConfig: Applying CVar settings from Section [PostProcessQuality@3] File [E:/M.O/topdownshooter/TDShooter/Saved/Config/Windows/Scalability.ini]
[2024.04.10-14.54.26:336][  0]LogConfig: Setting CVar [[r.MotionBlurQuality:4]]
[2024.04.10-14.54.26:336][  0]LogConfig: Setting CVar [[r.AmbientOcclusionMipLevelFactor:0.4]]
[2024.04.10-14.54.26:336][  0]LogConfig: Setting CVar [[r.AmbientOcclusionMaxQuality:100]]
[2024.04.10-14.54.26:336][  0]LogConfig: Setting CVar [[r.AmbientOcclusionLevels:-1]]
[2024.04.10-14.54.26:336][  0]LogConfig: Setting CVar [[r.AmbientOcclusionRadiusScale:1.0]]
[2024.04.10-14.54.26:336][  0]LogConfig: Setting CVar [[r.DepthOfFieldQuality:2]]
[2024.04.10-14.54.26:336][  0]LogConfig: Setting CVar [[r.RenderTargetPoolMin:400]]
[2024.04.10-14.54.26:336][  0]LogConfig: Setting CVar [[r.LensFlareQuality:2]]
[2024.04.10-14.54.26:336][  0]LogConfig: Setting CVar [[r.SceneColorFringeQuality:1]]
[2024.04.10-14.54.26:336][  0]LogConfig: Setting CVar [[r.EyeAdaptationQuality:2]]
[2024.04.10-14.54.26:336][  0]LogConfig: Setting CVar [[r.BloomQuality:5]]
[2024.04.10-14.54.26:336][  0]LogConfig: Setting CVar [[r.FastBlurThreshold:100]]
[2024.04.10-14.54.26:336][  0]LogConfig: Setting CVar [[r.Upscale.Quality:3]]
[2024.04.10-14.54.26:336][  0]LogConfig: Setting CVar [[r.Tonemapper.GrainQuantization:1]]
[2024.04.10-14.54.26:336][  0]LogConfig: Setting CVar [[r.LightShaftQuality:1]]
[2024.04.10-14.54.26:336][  0]LogConfig: Setting CVar [[r.Filter.SizeScale:1]]
[2024.04.10-14.54.26:336][  0]LogConfig: Setting CVar [[r.Tonemapper.Quality:5]]
[2024.04.10-14.54.26:336][  0]LogConfig: Setting CVar [[r.DOF.Gather.AccumulatorQuality:1        ; higher gathering accumulator quality]]
[2024.04.10-14.54.26:336][  0]LogConfig: Setting CVar [[r.DOF.Gather.PostfilterMethod:1          ; Median3x3 postfilering method]]
[2024.04.10-14.54.26:336][  0]LogConfig: Setting CVar [[r.DOF.Gather.EnableBokehSettings:0       ; no bokeh simulation when gathering]]
[2024.04.10-14.54.26:336][  0]LogConfig: Setting CVar [[r.DOF.Gather.RingCount:4                 ; medium number of samples when gathering]]
[2024.04.10-14.54.26:336][  0]LogConfig: Setting CVar [[r.DOF.Scatter.ForegroundCompositing:1    ; additive foreground scattering]]
[2024.04.10-14.54.26:336][  0]LogConfig: Setting CVar [[r.DOF.Scatter.BackgroundCompositing:2    ; additive background scattering]]
[2024.04.10-14.54.26:336][  0]LogConfig: Setting CVar [[r.DOF.Scatter.EnableBokehSettings:1      ; bokeh simulation when scattering]]
[2024.04.10-14.54.26:336][  0]LogConfig: Setting CVar [[r.DOF.Scatter.MaxSpriteRatio:0.1         ; only a maximum of 10% of scattered bokeh]]
[2024.04.10-14.54.26:336][  0]LogConfig: Setting CVar [[r.DOF.Recombine.Quality:1                ; cheap slight out of focus]]
[2024.04.10-14.54.26:336][  0]LogConfig: Setting CVar [[r.DOF.Recombine.EnableBokehSettings:0    ; no bokeh simulation on slight out of focus]]
[2024.04.10-14.54.26:336][  0]LogConfig: Setting CVar [[r.DOF.TemporalAAQuality:1                ; more stable temporal accumulation]]
[2024.04.10-14.54.26:336][  0]LogConfig: Setting CVar [[r.DOF.Kernel.MaxForegroundRadius:0.025]]
[2024.04.10-14.54.26:336][  0]LogConfig: Setting CVar [[r.DOF.Kernel.MaxBackgroundRadius:0.025]]
[2024.04.10-14.54.26:336][  0]LogConfig: Applying CVar settings from Section [TextureQuality@3] File [E:/M.O/topdownshooter/TDShooter/Saved/Config/Windows/Scalability.ini]
[2024.04.10-14.54.26:336][  0]LogConfig: Setting CVar [[r.Streaming.MipBias:0]]
[2024.04.10-14.54.26:336][  0]LogConfig: Setting CVar [[r.Streaming.AmortizeCPUToGPUCopy:0]]
[2024.04.10-14.54.26:336][  0]LogConfig: Setting CVar [[r.Streaming.MaxNumTexturesToStreamPerFrame:0]]
[2024.04.10-14.54.26:336][  0]LogConfig: Setting CVar [[r.Streaming.Boost:1]]
[2024.04.10-14.54.26:336][  0]LogConfig: Setting CVar [[r.MaxAnisotropy:8]]
[2024.04.10-14.54.26:336][  0]LogConfig: Setting CVar [[r.VT.MaxAnisotropy:8]]
[2024.04.10-14.54.26:337][  0]LogConfig: Setting CVar [[r.Streaming.LimitPoolSizeToVRAM:0]]
[2024.04.10-14.54.26:337][  0]LogConfig: Setting CVar [[r.Streaming.PoolSize:1000]]
[2024.04.10-14.54.26:337][  0]LogConfig: Setting CVar [[r.Streaming.MaxEffectiveScreenSize:0]]
[2024.04.10-14.54.26:337][  0]LogConfig: Applying CVar settings from Section [EffectsQuality@3] File [E:/M.O/topdownshooter/TDShooter/Saved/Config/Windows/Scalability.ini]
[2024.04.10-14.54.26:337][  0]LogConfig: Setting CVar [[r.TranslucencyLightingVolumeDim:64]]
[2024.04.10-14.54.26:337][  0]LogConfig: Setting CVar [[r.RefractionQuality:2]]
[2024.04.10-14.54.26:337][  0]LogConfig: Setting CVar [[r.SSR.Quality:3]]
[2024.04.10-14.54.26:337][  0]LogConfig: Setting CVar [[r.SSR.HalfResSceneColor:0]]
[2024.04.10-14.54.26:337][  0]LogConfig: Setting CVar [[r.SceneColorFormat:4]]
[2024.04.10-14.54.26:337][  0]LogConfig: Setting CVar [[r.DetailMode:2]]
[2024.04.10-14.54.26:337][  0]LogConfig: Setting CVar [[r.TranslucencyVolumeBlur:1]]
[2024.04.10-14.54.26:337][  0]LogConfig: Setting CVar [[r.MaterialQualityLevel:1 ; High quality]]
[2024.04.10-14.54.26:337][  0]LogConfig: Setting CVar [[r.AnisotropicMaterials:1]]
[2024.04.10-14.54.26:337][  0]LogConfig: Setting CVar [[r.SSS.Scale:1]]
[2024.04.10-14.54.26:337][  0]LogConfig: Setting CVar [[r.SSS.SampleSet:2]]
[2024.04.10-14.54.26:337][  0]LogConfig: Setting CVar [[r.SSS.Quality:1]]
[2024.04.10-14.54.26:337][  0]LogConfig: Setting CVar [[r.SSS.HalfRes:0]]
[2024.04.10-14.54.26:337][  0]LogConfig: Setting CVar [[r.SSGI.Quality:3]]
[2024.04.10-14.54.26:337][  0]LogConfig: Setting CVar [[r.EmitterSpawnRateScale:1.0]]
[2024.04.10-14.54.26:337][  0]LogConfig: Setting CVar [[r.ParticleLightQuality:2]]
[2024.04.10-14.54.26:337][  0]LogConfig: Setting CVar [[r.SkyAtmosphere.AerialPerspectiveLUT.FastApplyOnOpaque:1 ; Always have FastSkyLUT 1 in this case to avoid wrong sky]]
[2024.04.10-14.54.26:337][  0]LogConfig: Setting CVar [[r.SkyAtmosphere.AerialPerspectiveLUT.SampleCountMaxPerSlice:4]]
[2024.04.10-14.54.26:337][  0]LogConfig: Setting CVar [[r.SkyAtmosphere.AerialPerspectiveLUT.DepthResolution:16.0]]
[2024.04.10-14.54.26:337][  0]LogConfig: Setting CVar [[r.SkyAtmosphere.FastSkyLUT:1]]
[2024.04.10-14.54.26:337][  0]LogConfig: Setting CVar [[r.SkyAtmosphere.FastSkyLUT.SampleCountMin:4.0]]
[2024.04.10-14.54.26:337][  0]LogConfig: Setting CVar [[r.SkyAtmosphere.FastSkyLUT.SampleCountMax:128.0]]
[2024.04.10-14.54.26:337][  0]LogConfig: Setting CVar [[r.SkyAtmosphere.SampleCountMin:4.0]]
[2024.04.10-14.54.26:337][  0]LogConfig: Setting CVar [[r.SkyAtmosphere.SampleCountMax:128.0]]
[2024.04.10-14.54.26:337][  0]LogConfig: Setting CVar [[r.SkyAtmosphere.TransmittanceLUT.UseSmallFormat:0]]
[2024.04.10-14.54.26:337][  0]LogConfig: Setting CVar [[r.SkyAtmosphere.TransmittanceLUT.SampleCount:10.0]]
[2024.04.10-14.54.26:337][  0]LogConfig: Setting CVar [[r.SkyAtmosphere.MultiScatteringLUT.SampleCount:15.0]]
[2024.04.10-14.54.26:337][  0]LogConfig: Setting CVar [[r.SkyLight.RealTimeReflectionCapture:1]]
[2024.04.10-14.54.26:337][  0]LogConfig: Applying CVar settings from Section [FoliageQuality@3] File [E:/M.O/topdownshooter/TDShooter/Saved/Config/Windows/Scalability.ini]
[2024.04.10-14.54.26:337][  0]LogConfig: Setting CVar [[foliage.DensityScale:1.0]]
[2024.04.10-14.54.26:337][  0]LogConfig: Setting CVar [[grass.DensityScale:1.0]]
[2024.04.10-14.54.26:337][  0]LogConfig: Applying CVar settings from Section [ShadingQuality@3] File [E:/M.O/topdownshooter/TDShooter/Saved/Config/Windows/Scalability.ini]
[2024.04.10-14.54.26:337][  0]LogConfig: Setting CVar [[r.HairStrands.SkyLighting.IntegrationType:2]]
[2024.04.10-14.54.26:337][  0]LogConfig: Setting CVar [[r.HairStrands.SkyAO.SampleCount:4]]
[2024.04.10-14.54.26:337][  0]LogConfig: Setting CVar [[r.HairStrands.Visibility.MSAA.SamplePerPixel:4]]
[2024.04.10-14.54.26:337][  0]LogConfig: Applying CVar settings from Section [Startup] File [../../../Engine/Config/ConsoleVariables.ini]
[2024.04.10-14.54.26:337][  0]LogConfig: Setting CVar [[net.UseAdaptiveNetUpdateFrequency:0]]
[2024.04.10-14.54.26:337][  0]LogConfig: Setting CVar [[p.chaos.AllowCreatePhysxBodies:1]]
[2024.04.10-14.54.26:337][  0]LogConfig: Setting CVar [[fx.SkipVectorVMBackendOptimizations:1]]
[2024.04.10-14.54.26:337][  0]LogConfig: Applying CVar settings from Section [ConsoleVariables] File [E:/M.O/topdownshooter/TDShooter/Saved/Config/Windows/Engine.ini]
[2024.04.10-14.54.26:337][  0]LogConfig: Applying CVar settings from Section [ConsoleVariables] File [E:/M.O/topdownshooter/TDShooter/Saved/Config/Windows/Editor.ini]
[2024.04.10-14.54.26:338][  0]LogInit: Computer: DESKTOP-3KPUKFS
[2024.04.10-14.54.26:338][  0]LogInit: User: Geekjam12
[2024.04.10-14.54.26:338][  0]LogInit: CPU Page size=4096, Cores=4
[2024.04.10-14.54.26:338][  0]LogInit: High frequency timer resolution =10.000000 MHz
[2024.04.10-14.54.26:338][  0]LogMemory: Memory total: Physical=16.0GB (16GB approx)
[2024.04.10-14.54.26:338][  0]LogMemory: Platform Memory Stats for Windows
[2024.04.10-14.54.26:338][  0]LogMemory: Process Physical Memory: 140.04 MB used, 140.04 MB peak
[2024.04.10-14.54.26:338][  0]LogMemory: Process Virtual Memory: 125.16 MB used, 125.16 MB peak
[2024.04.10-14.54.26:338][  0]LogMemory: Physical Memory: 4933.80 MB used,  11408.69 MB free, 16342.50 MB total
[2024.04.10-14.54.26:338][  0]LogMemory: Virtual Memory: 134206552.00 MB used,  11176.57 MB free, 134217728.00 MB total
[2024.04.10-14.54.26:344][  0]LogWindows: WindowsPlatformFeatures enabled
[2024.04.10-14.54.26:365][  0]LogInit: Physics initialised using underlying interface: PhysX
[2024.04.10-14.54.26:365][  0]LogInit: Using OS detected language (pl-PL).
[2024.04.10-14.54.26:365][  0]LogInit: Using OS detected locale (pl-PL).
[2024.04.10-14.54.26:367][  0]LogTextLocalizationManager: No specific localization for 'pl-PL' exists, so the 'pl' localization will be used.
[2024.04.10-14.54.26:368][  0]LogTextLocalizationResource: LocRes '../../../Engine/Content/Localization/Editor/pl/Editor.locres' could not be opened for reading!
[2024.04.10-14.54.26:368][  0]LogTextLocalizationResource: LocRes '../../../Engine/Content/Localization/EditorTutorials/pl/EditorTutorials.locres' could not be opened for reading!
[2024.04.10-14.54.26:368][  0]LogTextLocalizationResource: LocRes '../../../Engine/Content/Localization/Keywords/pl/Keywords.locres' could not be opened for reading!
[2024.04.10-14.54.26:368][  0]LogTextLocalizationResource: LocRes '../../../Engine/Content/Localization/Category/pl/Category.locres' could not be opened for reading!
[2024.04.10-14.54.26:368][  0]LogTextLocalizationResource: LocRes '../../../Engine/Content/Localization/ToolTips/pl/ToolTips.locres' could not be opened for reading!
[2024.04.10-14.54.26:368][  0]LogTextLocalizationResource: LocRes '../../../Engine/Content/Localization/PropertyNames/pl/PropertyNames.locres' could not be opened for reading!
[2024.04.10-14.54.26:368][  0]LogTextLocalizationResource: LocRes '../../../Engine/Content/Localization/Engine/pl/Engine.locres' could not be opened for reading!
[2024.04.10-14.54.26:369][  0]LogInit: Setting process to per monitor DPI aware
[2024.04.10-14.54.26:390][  0]LogWindowsTextInputMethodSystem: Display: IME system deactivated.
[2024.04.10-14.54.26:401][  0]LogSlate: New Slate User Created.  User Index 0, Is Virtual User: 0
[2024.04.10-14.54.26:401][  0]LogSlate: Slate User Registered.  User Index 0, Is Virtual User: 0
[2024.04.10-14.54.26:525][  0]LogD3D11RHI: Loaded GFSDK_Aftermath_Lib.x64.dll
[2024.04.10-14.54.26:527][  0]LogHMD: Failed to initialize OpenVR with code 110
[2024.04.10-14.54.26:527][  0]LogD3D11RHI: D3D11 min allowed feature level: 11_0
[2024.04.10-14.54.26:527][  0]LogD3D11RHI: D3D11 max allowed feature level: 11_0
[2024.04.10-14.54.26:527][  0]LogD3D11RHI: D3D11 adapters:
[2024.04.10-14.54.26:677][  0]LogD3D11RHI:    0. 'NVIDIA GeForce GTX 1050' (Feature Level 11_0)
[2024.04.10-14.54.26:677][  0]LogD3D11RHI:       1976/0/8171 MB DedicatedVideo/DedicatedSystem/SharedSystem, Outputs:1, VendorId:0x10de
[2024.04.10-14.54.26:679][  0]LogD3D11RHI:    1. 'Microsoft Basic Render Driver' (Feature Level 11_0)
[2024.04.10-14.54.26:679][  0]LogD3D11RHI:       0/0/8171 MB DedicatedVideo/DedicatedSystem/SharedSystem, Outputs:0, VendorId:0x1414
[2024.04.10-14.54.26:679][  0]LogD3D11RHI: Chosen D3D11 Adapter:
[2024.04.10-14.54.26:679][  0]LogD3D11RHI:     Description : NVIDIA GeForce GTX 1050
[2024.04.10-14.54.26:679][  0]LogD3D11RHI:     VendorId    : 10de
[2024.04.10-14.54.26:679][  0]LogD3D11RHI:     DeviceId    : 1c81
[2024.04.10-14.54.26:679][  0]LogD3D11RHI:     SubSysId    : 37651458
[2024.04.10-14.54.26:679][  0]LogD3D11RHI:     Revision    : 00a1
[2024.04.10-14.54.26:679][  0]LogD3D11RHI:     DedicatedVideoMemory : 2072043520 bytes
[2024.04.10-14.54.26:679][  0]LogD3D11RHI:     DedicatedSystemMemory : 0 bytes
[2024.04.10-14.54.26:679][  0]LogD3D11RHI:     SharedSystemMemory : 8568174592 bytes
[2024.04.10-14.54.26:679][  0]LogD3D11RHI:     AdapterLuid : 0 50343
[2024.04.10-14.54.26:684][  0]LogD3D11RHI: Creating new Direct3DDevice
[2024.04.10-14.54.26:684][  0]LogD3D11RHI:     GPU DeviceId: 0x1c81 (for the marketing name, search the web for "GPU Device Id")
[2024.04.10-14.54.26:684][  0]LogWindows: EnumDisplayDevices:
[2024.04.10-14.54.26:684][  0]LogWindows:    0. 'NVIDIA GeForce GTX 1050' (P:1 D:1)
[2024.04.10-14.54.26:684][  0]LogWindows:    1. 'NVIDIA GeForce GTX 1050' (P:0 D:0)
[2024.04.10-14.54.26:684][  0]LogWindows:    2. 'NVIDIA GeForce GTX 1050' (P:0 D:0)
[2024.04.10-14.54.26:685][  0]LogWindows:    3. 'NVIDIA GeForce GTX 1050' (P:0 D:0)
[2024.04.10-14.54.26:685][  0]LogWindows: DebugString: FoundDriverCount:4 
[2024.04.10-14.54.26:685][  0]LogD3D11RHI:     Adapter Name: NVIDIA GeForce GTX 1050
[2024.04.10-14.54.26:685][  0]LogD3D11RHI:   Driver Version: 536.23 (internal:31.0.15.3623, unified:536.23)
[2024.04.10-14.54.26:685][  0]LogD3D11RHI:      Driver Date: 6-8-2023
[2024.04.10-14.54.26:685][  0]LogRHI: Texture pool is 1383 MB (70% of 1976 MB)
[2024.04.10-14.54.26:685][  0]LogD3D11RHI: Creating D3DDevice using adapter:
[2024.04.10-14.54.26:685][  0]LogD3D11RHI:     Description : NVIDIA GeForce GTX 1050
[2024.04.10-14.54.26:685][  0]LogD3D11RHI:     VendorId    : 10de
[2024.04.10-14.54.26:685][  0]LogD3D11RHI:     DeviceId    : 1c81
[2024.04.10-14.54.26:685][  0]LogD3D11RHI:     SubSysId    : 37651458
[2024.04.10-14.54.26:685][  0]LogD3D11RHI:     Revision    : 00a1
[2024.04.10-14.54.26:685][  0]LogD3D11RHI:     DedicatedVideoMemory : 2072043520 bytes
[2024.04.10-14.54.26:685][  0]LogD3D11RHI:     DedicatedSystemMemory : 0 bytes
[2024.04.10-14.54.26:685][  0]LogD3D11RHI:     SharedSystemMemory : 8568174592 bytes
[2024.04.10-14.54.26:685][  0]LogD3D11RHI:     AdapterLuid : 0 50343
[2024.04.10-14.54.26:789][  0]LogD3D11RHI: RHI has support for 64 bit atomics
[2024.04.10-14.54.26:790][  0]LogD3D11RHI: Async texture creation enabled
[2024.04.10-14.54.26:790][  0]LogD3D11RHI: Array index from any shader is supported
[2024.04.10-14.54.26:808][  0]LogD3D11RHI: GPU Timing Frequency: 1000.000000 (Debug: 2 1)
[2024.04.10-14.54.26:855][  0]LogRHI: GeForceNow SDK initialized: 1
[2024.04.10-14.54.27:195][  0]LogTargetPlatformManager: Display: Loaded TargetPlatform 'AllDesktop'
[2024.04.10-14.54.27:215][  0]LogTargetPlatformManager: Display: Loaded TargetPlatform 'Android'
[2024.04.10-14.54.27:215][  0]LogTargetPlatformManager: Display: Loaded TargetPlatform 'Android_ASTC'
[2024.04.10-14.54.27:215][  0]LogTargetPlatformManager: Display: Loaded TargetPlatform 'Android_DXT'
[2024.04.10-14.54.27:216][  0]LogTargetPlatformManager: Display: Loaded TargetPlatform 'Android_ETC2'
[2024.04.10-14.54.27:216][  0]LogTargetPlatformManager: Display: Loaded TargetPlatform 'AndroidClient'
[2024.04.10-14.54.27:216][  0]LogTargetPlatformManager: Display: Loaded TargetPlatform 'Android_ASTCClient'
[2024.04.10-14.54.27:216][  0]LogTargetPlatformManager: Display: Loaded TargetPlatform 'Android_DXTClient'
[2024.04.10-14.54.27:216][  0]LogTargetPlatformManager: Display: Loaded TargetPlatform 'Android_ETC2Client'
[2024.04.10-14.54.27:216][  0]LogTargetPlatformManager: Display: Loaded TargetPlatform 'Android_Multi'
[2024.04.10-14.54.27:216][  0]LogTargetPlatformManager: Display: Loaded TargetPlatform 'Android_MultiClient'
[2024.04.10-14.54.27:232][  0]LogTargetPlatformManager: Display: Loaded TargetPlatform 'IOSClient'
[2024.04.10-14.54.27:232][  0]LogTargetPlatformManager: Display: Loaded TargetPlatform 'IOS'
[2024.04.10-14.54.27:242][  0]LogTargetPlatformManager: Display: Loaded TargetPlatform 'Linux'
[2024.04.10-14.54.27:246][  0]LogTargetPlatformManager: Display: Loaded TargetPlatform 'LinuxNoEditor'
[2024.04.10-14.54.27:250][  0]LogTargetPlatformManager: Display: Loaded TargetPlatform 'LinuxClient'
[2024.04.10-14.54.27:254][  0]LogTargetPlatformManager: Display: Loaded TargetPlatform 'LinuxServer'
[2024.04.10-14.54.27:264][  0]LogTargetPlatformManager: Display: Loaded TargetPlatform 'LinuxAArch64NoEditor'
[2024.04.10-14.54.27:268][  0]LogTargetPlatformManager: Display: Loaded TargetPlatform 'LinuxAArch64Client'
[2024.04.10-14.54.27:272][  0]LogTargetPlatformManager: Display: Loaded TargetPlatform 'LinuxAArch64Server'
[2024.04.10-14.54.27:295][  0]LogTargetPlatformManager: Display: Loaded TargetPlatform 'Lumin'
[2024.04.10-14.54.27:295][  0]LogTargetPlatformManager: Display: Loaded TargetPlatform 'LuminClient'
[2024.04.10-14.54.27:303][  0]LogTargetPlatformManager: Display: Loaded TargetPlatform 'MacNoEditor'
[2024.04.10-14.54.27:307][  0]LogTargetPlatformManager: Display: Loaded TargetPlatform 'Mac'
[2024.04.10-14.54.27:311][  0]LogTargetPlatformManager: Display: Loaded TargetPlatform 'MacClient'
[2024.04.10-14.54.27:315][  0]LogTargetPlatformManager: Display: Loaded TargetPlatform 'MacServer'
[2024.04.10-14.54.27:325][  0]LogTargetPlatformManager: Display: Loaded TargetPlatform 'TVOSClient'
[2024.04.10-14.54.27:325][  0]LogTargetPlatformManager: Display: Loaded TargetPlatform 'TVOS'
[2024.04.10-14.54.27:334][  0]LogTargetPlatformManager: Display: Loaded TargetPlatform 'WindowsNoEditor'
[2024.04.10-14.54.27:339][  0]LogTargetPlatformManager: Display: Loaded TargetPlatform 'Windows'
[2024.04.10-14.54.27:344][  0]LogTargetPlatformManager: Display: Loaded TargetPlatform 'WindowsClient'
[2024.04.10-14.54.27:348][  0]LogTargetPlatformManager: Display: Loaded TargetPlatform 'WindowsServer'
[2024.04.10-14.54.27:348][  0]LogTargetPlatformManager: Display: Building Assets For Windows
[2024.04.10-14.54.27:354][  0]LogAudioDebug: Display: Lib vorbis DLL was dynamically loaded.
[2024.04.10-14.54.27:381][  0]LogTextureFormatOodle: Display: Oodle Texture 2.9.0 init RDO Off
[2024.04.10-14.54.27:411][  0]LogRendererCore: Ray tracing is disabled. Reason: r.RayTracing=0.
[2024.04.10-14.54.27:411][  0]LogShaderCompilers: Guid format shader working directory is 8 characters bigger than the processId version (../../../../../M.O/topdownshooter/TDShooter/Intermediate/Shaders/WorkingDirectory/1376/).
[2024.04.10-14.54.27:411][  0]LogShaderCompilers: Cleaned the shader compiler working directory 'C:/Users/Geekjam#12/AppData/Local/Temp/UnrealShaderWorkingDir/6BE7FB7B424FF35F9B275E88D953C82B/'.
[2024.04.10-14.54.27:411][  0]LogXGEController: Cannot use XGE Controller as Incredibuild is not installed on this machine.
[2024.04.10-14.54.27:412][  0]LogShaderCompilers: Cannot use XGE Shader Compiler as Incredibuild is not installed on this machine.
[2024.04.10-14.54.27:412][  0]LogShaderCompilers: Display: Using Local Shader Compiler.
[2024.04.10-14.54.28:213][  0]LogDerivedDataCache: Display: Max Cache Size: 512 MB
[2024.04.10-14.54.28:280][  0]LogDerivedDataCache: Loaded boot cache 0.07s 96MB C:/Users/Geekjam#12/AppData/Local/UnrealEngine/4.27/DerivedDataCache/Boot.ddc.
[2024.04.10-14.54.28:280][  0]LogDerivedDataCache: Display: Loaded Boot cache: C:/Users/Geekjam#12/AppData/Local/UnrealEngine/4.27/DerivedDataCache/Boot.ddc
[2024.04.10-14.54.28:280][  0]LogDerivedDataCache: FDerivedDataBackendGraph:  Pak pak cache file ../../../../../M.O/topdownshooter/TDShooter/DerivedDataCache/DDC.ddp not found, will not use a pak cache.
[2024.04.10-14.54.28:280][  0]LogDerivedDataCache: Unable to find inner node Pak for hierarchical cache Hierarchy.
[2024.04.10-14.54.28:280][  0]LogDerivedDataCache: FDerivedDataBackendGraph:  CompressedPak pak cache file ../../../../../M.O/topdownshooter/TDShooter/DerivedDataCache/Compressed.ddp not found, will not use a pak cache.
[2024.04.10-14.54.28:280][  0]LogDerivedDataCache: Unable to find inner node CompressedPak for hierarchical cache Hierarchy.
[2024.04.10-14.54.28:298][  0]LogDerivedDataCache: Display: Pak cache opened for reading ../../../Engine/DerivedDataCache/Compressed.ddp.
[2024.04.10-14.54.28:299][  0]LogDerivedDataCache: FDerivedDataBackendGraph:  EnterprisePak pak cache file ../../../Enterprise/DerivedDataCache/Compressed.ddp not found, will not use a pak cache.
[2024.04.10-14.54.28:299][  0]LogDerivedDataCache: Unable to find inner node EnterprisePak for hierarchical cache Hierarchy.
[2024.04.10-14.54.28:305][  0]LogDerivedDataCache: Speed tests for C:/Users/Geekjam#12/AppData/Local/UnrealEngine/Common/DerivedDataCache took 0.01 seconds
[2024.04.10-14.54.28:306][  0]LogDerivedDataCache: Display: Performance to C:/Users/Geekjam#12/AppData/Local/UnrealEngine/Common/DerivedDataCache: Latency=0.03ms. RandomReadSpeed=799.25MBs, RandomWriteSpeed=176.98MBs. Assigned SpeedClass 'Local'
[2024.04.10-14.54.28:307][  0]LogDerivedDataCache: Using Local data cache path C:/Users/Geekjam#12/AppData/Local/UnrealEngine/Common/DerivedDataCache: Writable
[2024.04.10-14.54.28:307][  0]LogDerivedDataCache: Shared data cache path not found in *engine.ini, will not use an Shared cache.
[2024.04.10-14.54.28:307][  0]LogDerivedDataCache: Unable to find inner node Shared for hierarchical cache Hierarchy.
[2024.04.10-14.54.28:357][  0]LogSlate: Using FreeType 2.10.0
[2024.04.10-14.54.28:358][  0]LogSlate: SlateFontServices - WITH_FREETYPE: 1, WITH_HARFBUZZ: 1
[2024.04.10-14.54.28:384][  0]LogAssetRegistry: FAssetRegistry took 0.0025 seconds to start up
[2024.04.10-14.54.28:627][  0]LogInit: Selected Device Profile: [Windows]
[2024.04.10-14.54.28:627][  0]LogInit: Active device profile: [000001D1A2AF8C00][000001D1999F0240 49] Windows
[2024.04.10-14.54.28:627][  0]LogInit: Profiles: [000001D1A2AF8C00][000001D1999F0240 49] Windows, [000001D1A2ACE200][000001D1A21723C0 49] WindowsNoEditor, [000001D1A2AF9A00][000001D1A2176540 49] WindowsServer, [000001D1A2ACEF00][000001D1A216E680 49] WindowsClient, [000001D1A2AFA600][000001D1A217A7C0 49] IOS, [000001D1A2ACCE00][000001D1A217E900 49] iPadAir, [000001D1A2AF8A00][000001D1A2186A80 49] iPadAir2, [000001D1A2A74E00][000001D1A33F2D40 49] IPadPro, [000001D1A2A74F00][000001D1A218AD80 49] iPadAir3, [000001D1A2ACE300][000001D1A33F6F00 49] iPadAir4, [000001D1A2A77400][000001D1A33FB080 49] iPadMini2, [000001D1A2ACD600][000001D1A33FF200 49] iPadMini3, [000001D1A2A77A00][000001D1A3403380 49] iPadMini4, [000001D1A2ACF300][000001D1A3407500 49] iPadMini5, [000001D1A2AB4800][000001D1A340F7C0 49] iPhone6, [000001D1A2AB4900][000001D1A340B800 49] iPodTouch6, [000001D1A2AFB000][000001D1A3417AC0 49] iPhone7, [000001D1A2AFB100][000001D1A3413B00 49] iPodTouch7, [000001D1A2A77500][000001D1A341A100 49] iPhone5S, [000001D1A2A74600][000001D1A341E280 49] iPhone6Plus, [000001D1A2AB6800][000001D1A3422400 49] iPhone6S, [000001D1A2A75400][000001D1A3426580 49] iPhone6SPlus, [000001D1A2AB6600][000001D1A342A700 49] iPhone7Plus, [000001D1A2A77D00][000001D1A2182840 49] iPhoneSE, [000001D1A2AB6500][000001D1A342E980 49] iPhone8, [000001D1A2A75800][000001D1A3432AC0 49] iPhone8Plus, [000001D1A2AFAA00][000001D1A343AC40 49] iPhoneX, [000001D1A2A76800][000001D1A343EDC0 49] iPhoneXS, [000001D1A2AFAD00][000001D1A3442F40 49] iPhoneXSMax, [000001D1A2A74D00][000001D1A34470C0 49] iPhoneXR, [000001D1A2AF9900][000001D1A344B240 49] iPhone11, [000001D1A2A76700][000001D1A344F3C0 49] iPhone11Pro, [000001D1A2AF8E00][000001D1A3453540 49] iPhone11ProMax, [000001D1A2A74400][000001D1A34576C0 49] iPhoneSE2, [000001D1A2AF8400][000001D1A345B840 49] iPhone12Mini, [000001D1A2A74A00][000001D1A345F9C0 49] iPhone12, [000001D1A2AFBC00][000001D1A3463B40 49] iPhone12Pro, [000001D1A2A75600][000001D1A3466140 49] iPhone12ProMax, [000001D1A2AFA000][000001D1A346A2C0 49] iPadPro105, [000001D1A2A76500][000001D1A346E440 49] iPadPro129, [000001D1A2AF8600][000001D1A34725C0 49] iPadPro97, [000001D1A2A77900][000001D1A3476740 49] iPadPro2_129, [000001D1A2AFBE00][000001D1A347A8C0 49] iPad5, [000001D1A2A75100][000001D1A3436A00 49] iPad6, [000001D1A2AFB600][000001D1A347EB40 49] iPad7, [000001D1A2A77700][000001D1A3482C80 49] iPad8, [000001D1A2AFA400][000001D1A3486DC0 49] iPadPro11, [000001D1A2A74500][000001D1A348EF40 49] iPadPro2_11, [000001D1A2AFAE00][000001D1A34930C0 49] iPadPro3_129, [000001D1A2A76C00][000001D1A3497240 49] iPadPro4_129, [000001D1A2AF9700][000001D1A349B3C0 49] AppleTV, [000001D1A2A75C00][000001D1A349F540 49] AppleTV4K, [000001D1A2AFA500][000001D1A34A36C0 49] TVOS, [000001D1A2A75F00][000001D1A34A7840 49] Mac, [000001D1A2AF8F00][000001D1A34AB9C0 49] MacClient, [000001D1A2A75200][000001D1A34AFB40 49] MacNoEditor, [000001D1A2AF8700][000001D1A34B2140 49] MacServer, [000001D1A2A75500][000001D1A34B62C0 49] Linux, [000001D1A2AFBB00][000001D1A34BA440 49] LinuxAArch64, [000001D1A2A74200][000001D1A34BE5C0 49] LinuxNoEditor, [000001D1A2AF8200][000001D1A34C2740 49] LinuxAArch64NoEditor, [000001D1A2A77800][000001D1A34C68C0 49] LinuxClient, [000001D1A2AFB300][000001D1A34CAA40 49] LinuxAArch64Client, [000001D1A2A76200][000001D1A348AB80 49] LinuxServer, [000001D1A2AFA200][000001D194E42CC0 49] LinuxAArch64Server, [000001D1A2A76A00][000001D194E46E00 49] Android, [000001D1A2AFBF00][000001D194E4AF40 49] Android_Low, [000001D1A2A74C00][000001D194E530C0 49] Android_Mid, [000001D1A2AF9C00][000001D194E57240 49] Android_High, [000001D1A2A76900][000001D194E5B3C0 49] Android_Default, [000001D1A2AF9600][000001D194E5F540 49] Android_Adreno4xx, [000001D1A2A75900][000001D194E636C0 49] Android_Adreno5xx_Low, [000001D1A2AF9300][000001D194E67840 49] Android_Adreno5xx, [000001D1A2AB7800][000001D194E6B9C0 49] Android_Adreno6xx, [000001D1A2ACD500][000001D1A34CFB40 49] Android_Adreno6xx_Vulkan, [000001D1A2AB5E00][000001D1A34D2140 49] Android_Mali_T6xx, [000001D1A2ACD200][000001D1A34D62C0 49] Android_Mali_T7xx, [000001D1A2AB5400][000001D1A34DA440 49] Android_Mali_T8xx, [000001D1A2ACD800][000001D1A34DE5C0 49] Android_Mali_G71, [000001D1A2AB4C00][000001D1A34E2740 49] Android_Mali_G72, [000001D1A2ACEB00][000001D1A34E68C0 49] Android_Mali_G72_Vulkan, [000001D1A2AB4400][000001D1A34EAA40 49] Android_Mali_G76, [000001D1A2ACCB00][000001D1A34EEBC0 49] Android_Mali_G76_Vulkan, [000001D1A2AB7400][000001D1A34F2D40 49] Android_Mali_G77, [000001D1A2ACE700][000001D194E4EE80 49] Android_Mali_G77_Vulkan, [000001D1A2AB6400][000001D1A34F6FC0 49] Android_Mali_G78, [000001D1A2ACEE00][000001D1A34FB100 49] Android_Mali_G78_Vulkan, [000001D1A2AB7600][000001D1A3503280 49] Android_Mali_G710, [000001D1A2ACCF00][000001D1A3507400 49] Android_Mali_G710_Vulkan, [000001D1A2AB6900][000001D1A350B580 49] Android_Vulkan_SM5, [000001D1A2ACFB00][000001D1A350F700 49] Android_PowerVR_G6xxx, [000001D1A2AB5500][000001D1A3513880 49] Android_PowerVR_GT7xxx, [000001D1A2ACE800][000001D1A3517A00 49] Android_PowerVR_GE8xxx, [000001D1A2AB5D00][000001D1A351BB80 49] Android_PowerVR_GM9xxx, [000001D1A2ACCD00][000001D1A351E180 49] Android_PowerVR_GM9xxx_Vulkan, [000001D1A2AB4F00][000001D1A3522300 49] Android_TegraK1, [000001D1A2ACED00][000001D1A3526480 49] Android_Unknown_Vulkan, [000001D1A2AB7200][000001D1A352A600 49] Lumin, [000001D1A2ACF500][000001D1A352E780 49] Lumin_Desktop, [000001D1A2AB5300][000001D1A3532900 49] HoloLens, 
[2024.04.10-14.54.28:777][  0]LogMeshReduction: Using QuadricMeshReduction for automatic static mesh reduction
[2024.04.10-14.54.28:777][  0]LogMeshReduction: Using SimplygonMeshReduction for automatic skeletal mesh reduction
[2024.04.10-14.54.28:777][  0]LogMeshReduction: Using ProxyLODMeshReduction for automatic mesh merging
[2024.04.10-14.54.28:777][  0]LogMeshReduction: No distributed automatic mesh merging module available
[2024.04.10-14.54.28:777][  0]LogMeshMerging: No distributed automatic mesh merging module available
[2024.04.10-14.54.28:943][  0]LogNetVersion: TDShooter 1.0.0, NetCL: 17155196, EngineNetVer: 17, GameNetVer: 0 (Checksum: 167835702)
[2024.04.10-14.54.29:564][  0]LogTexture: Default maximum texture size for cubemaps generated from long-lat sources has been changed from 512 to unlimited. In order to preserve old behaiour for '/Engine/MapTemplates/Sky/DaylightAmbientCubemap.DaylightAmbientCubemap', its maximum texture size has been explicitly set to 512.
[2024.04.10-14.54.29:627][  0]LogHMD: PokeAHoleMaterial loaded successfully
[2024.04.10-14.54.29:633][  0]LogUObjectArray: 17178 objects as part of root set at end of initial load.
[2024.04.10-14.54.29:633][  0]LogUObjectAllocator: 4302048 out of 0 bytes used by permanent object pool.
[2024.04.10-14.54.29:633][  0]LogUObjectArray: CloseDisregardForGC: 0/0 objects in disregard for GC pool
[2024.04.10-14.54.29:945][  0]LogNiagaraDebuggerClient: Niagara Debugger Client Initialized | Session: 7D4301AC46D4ECC13D0018ADABCFCE8F | Instance: 270F1E6D420A6852CAA91B80577AC379 (DESKTOP-3KPUKFS-1376).
[2024.04.10-14.54.30:066][  0]LogPython: Using Python 3.7.7
[2024.04.10-14.54.30:652][  0]LogTcpMessaging: Initializing TcpMessaging bridge
[2024.04.10-14.54.30:770][  0]LogUdpMessaging: Initializing bridge on interface 0.0.0.0:0 to multicast group 230.0.0.1:6666.
[2024.04.10-14.54.30:912][  0]SourceControl: Source control is disabled
[2024.04.10-14.54.30:913][  0]SourceControl: Source control is disabled
[2024.04.10-14.54.30:915][  0]SourceControl: Source control is disabled
[2024.04.10-14.54.30:918][  0]SourceControl: Source control is disabled
[2024.04.10-14.54.30:927][  0]SourceControl: Source control is disabled
[2024.04.10-14.54.30:945][  0]LogUProjectInfo: Found projects:
[2024.04.10-14.54.31:140][  0]LogOpenImageDenoise: OIDN starting up
[2024.04.10-14.54.31:166][  0]LogAndroidPermission: UAndroidPermissionCallbackProxy::GetInstance
[2024.04.10-14.54.31:186][  0]LogAudioCaptureCore: Display: No Audio Capture implementations found. Audio input will be silent.
[2024.04.10-14.54.31:186][  0]LogAudioCaptureCore: Display: No Audio Capture implementations found. Audio input will be silent.
[2024.04.10-14.54.31:306][  0]LogCollectionManager: Loaded 0 collections in 0.000870 seconds
[2024.04.10-14.54.31:330][  0]LogFileCache: Scanning file cache for directory 'E:/M.O/topdownshooter/TDShooter/Saved/Collections/' took 0.00s
[2024.04.10-14.54.31:330][  0]LogFileCache: Scanning file cache for directory 'E:/M.O/topdownshooter/TDShooter/Content/Developers/Geekjam12/Collections/' took 0.00s
[2024.04.10-14.54.31:330][  0]LogFileCache: Scanning file cache for directory 'E:/M.O/topdownshooter/TDShooter/Content/Collections/' took 0.00s
[2024.04.10-14.54.31:330][  0]LogOcInput: OculusInput pre-init called
[2024.04.10-14.54.31:821][  0]LogEngine: Initializing Engine...
[2024.04.10-14.54.31:938][  0]LogHMD: Failed to enumerate extensions. Please check that you have a valid OpenXR runtime installed.
[2024.04.10-14.54.31:938][  0]LogHMD: Failed to initialize OpenVR with code 110
[2024.04.10-14.54.31:966][  0]LogMagicLeap: Warning: VR disabled because ZI is not enabled.  To enable, in the editor, Edit -> Project Settings -> Plugins -> Magic Leap Plugin -> Enable Zero Iteration
[2024.04.10-14.54.31:967][  0]LogStats: UGameplayTagsManager::InitializeManager -  0.000 s
[2024.04.10-14.54.32:095][  0]LogInit: Initializing FReadOnlyCVARCache
[2024.04.10-14.54.32:103][  0]LogAIModule: Creating AISystem for world Untitled
[2024.04.10-14.54.32:118][  0]LogAudio: Display: Initializing Audio Device Manager...
[2024.04.10-14.54.32:122][  0]LogAudio: Display: Loading Default Audio Settings Objects...
[2024.04.10-14.54.32:122][  0]LogAudio: Display: No default SoundConcurrencyObject specified (or failed to load).
[2024.04.10-14.54.32:123][  0]LogAudio: Display: Audio Device Manager Initialized
[2024.04.10-14.54.32:123][  0]LogAudio: Display: Creating Audio Device:                 Id: 1, Scope: Shared, Realtime: True
[2024.04.10-14.54.32:123][  0]LogAudioMixer: Display: Audio Mixer Platform Settings:
[2024.04.10-14.54.32:123][  0]LogAudioMixer: Display: 	Sample Rate:						  48000
[2024.04.10-14.54.32:123][  0]LogAudioMixer: Display: 	Callback Buffer Frame Size Requested: 1024
[2024.04.10-14.54.32:123][  0]LogAudioMixer: Display: 	Callback Buffer Frame Size To Use:	  1024
[2024.04.10-14.54.32:123][  0]LogAudioMixer: Display: 	Number of buffers to queue:			  2
[2024.04.10-14.54.32:123][  0]LogAudioMixer: Display: 	Max Channels (voices):				  32
[2024.04.10-14.54.32:123][  0]LogAudioMixer: Display: 	Number of Async Source Workers:		  0
[2024.04.10-14.54.32:123][  0]LogAudio: Display: AudioDevice MaxSources: 32
[2024.04.10-14.54.32:124][  0]LogAudio: Display: Audio Spatialization Plugin: None (built-in).
[2024.04.10-14.54.32:124][  0]LogAudio: Display: Audio Reverb Plugin: None (built-in).
[2024.04.10-14.54.32:124][  0]LogAudio: Display: Audio Occlusion Plugin: None (built-in).
[2024.04.10-14.54.32:124][  0]LogAudioMixer: Display: Initializing audio mixer.
[2024.04.10-14.54.32:133][  0]LogAudioMixer: Display: 0: FrontLeft
[2024.04.10-14.54.32:133][  0]LogAudioMixer: Display: 1: FrontRight
[2024.04.10-14.54.32:184][  0]LogAudioMixer: Display: Using Audio Device Realtek Digital Output (Realtek(R) Audio)
[2024.04.10-14.54.32:187][  0]LogAudioMixer: Display: Initializing Sound Submixes...
[2024.04.10-14.54.32:189][  0]LogAudioMixer: Display: Creating Master Submix 'MasterSubmixDefault'
[2024.04.10-14.54.32:189][  0]LogAudioMixer: Display: Creating Master Submix 'MasterReverbSubmixDefault'
[2024.04.10-14.54.32:190][  0]LogAudioMixer: Display: Creating Master Submix 'MasterEQSubmixDefault'
[2024.04.10-14.54.32:190][  0]LogAudioMixer: FMixerPlatformXAudio2::StartAudioStream() called
[2024.04.10-14.54.32:190][  0]LogAudioMixer: Display: Output buffers initialized: Frames=1024, Channels=2, Samples=2048
[2024.04.10-14.54.32:191][  0]LogAudioMixer: Display: Starting AudioMixerPlatformInterface::RunInternal()
[2024.04.10-14.54.32:191][  0]LogAudioMixer: Display: FMixerPlatformXAudio2::SubmitBuffer() called for the first time
[2024.04.10-14.54.32:191][  0]LogInit: FAudioDevice initialized.
[2024.04.10-14.54.32:191][  0]LogAudio: Display: Audio Device (ID: 1) registered with world 'Untitled'.
[2024.04.10-14.54.32:191][  0]LogNetVersion: Set ProjectVersion to 1.0.0.0. Version Checksum will be recalculated on next use.
[2024.04.10-14.54.32:413][  0]LogDerivedDataCache: Saved boot cache 0.22s 96MB C:/Users/Geekjam#12/AppData/Local/UnrealEngine/4.27/DerivedDataCache/Boot.ddc.
[2024.04.10-14.54.32:417][  0]LogInit: Texture streaming: Enabled
[2024.04.10-14.54.32:438][  0]LogAnalytics: Display: [UEEditor.Rocket.Release] APIServer = https://datarouter.ol.epicgames.com/. AppVersion = 4.27.2-18319896+++UE4+Release-4.27
[2024.04.10-14.54.32:442][  0]LogEngineSessionManager: EngineSessionManager initialized
[2024.04.10-14.54.32:442][  0]LogEditorSessionSummary: Verbose: Initializing EditorSessionSummaryWriter for editor session tracking
[2024.04.10-14.54.32:445][  0]LogEditorSessionSummary: EditorSessionSummaryWriter initialized
[2024.04.10-14.54.32:698][  0]LogInit: Transaction tracking system initialized
[2024.04.10-14.54.32:718][  0]BlueprintLog: New page: Editor Load
[2024.04.10-14.54.32:847][  0]LocalizationService: Localization service is disabled
[2024.04.10-14.54.32:869][  0]TimingProfiler: Initialize
[2024.04.10-14.54.32:869][  0]TimingProfiler: OnSessionChanged
[2024.04.10-14.54.32:869][  0]LoadingProfiler: Initialize
[2024.04.10-14.54.32:869][  0]LoadingProfiler: OnSessionChanged
[2024.04.10-14.54.32:869][  0]NetworkingProfiler: Initialize
[2024.04.10-14.54.32:869][  0]NetworkingProfiler: OnSessionChanged
[2024.04.10-14.54.32:869][  0]MemoryProfiler: Initialize
[2024.04.10-14.54.32:869][  0]MemoryProfiler: OnSessionChanged
[2024.04.10-14.54.33:117][  0]LogCook: Display: CookSettings for Memory: MemoryMaxUsedVirtual 0MiB, MemoryMaxUsedPhysical 16384MiB, MemoryMinFreeVirtual 0MiB, MemoryMinFreePhysical 1024MiB
[2024.04.10-14.54.33:117][  0]LogFileCache: Scanning file cache for directory 'E:/M.O/topdownshooter/TDShooter/Content/' took 0.00s
[2024.04.10-14.54.33:117][  0]LogCook: Display: Mobile HDR setting 1
[2024.04.10-14.54.33:499][  0]LogInit: Display: Engine is initialized. Leaving FEngineLoop::Init()
[2024.04.10-14.54.33:504][  0]SourceControl: Source control is disabled
[2024.04.10-14.54.33:504][  0]LogUnrealEdMisc: Loading editor; pre map load, took 8.287
[2024.04.10-14.54.33:504][  0]Cmd: MAP LOAD FILE="../../../Engine/Content/Maps/Templates/Template_Default.umap" TEMPLATE=1 SHOWPROGRESS=1 FEATURELEVEL=3
[2024.04.10-14.54.33:504][  0]LightingResults: New page: Lighting Build
[2024.04.10-14.54.33:505][  0]LogWorld: UWorld::CleanupWorld for Untitled, bSessionEnded=true, bCleanupResources=true
[2024.04.10-14.54.33:506][  0]LogSlate: InvalidateAllWidgets triggered.  All widgets were invalidated
[2024.04.10-14.54.33:506][  0]MapCheck: New page: Map Check
[2024.04.10-14.54.33:506][  0]LightingResults: New page: Lighting Build
[2024.04.10-14.54.34:208][  0]LogAudio: Display: Audio Device unregistered from world 'None'.
[2024.04.10-14.54.34:211][  0]LogUObjectHash: Compacting FUObjectHashTables data took   0.80ms
[2024.04.10-14.54.34:272][  0]LogTexture: Display: Building textures: DeprecatedTextureEB9CBE3C423008B5E8E130901E171C89 (BGRA8, 128X128)
[2024.04.10-14.54.34:277][  0]LogAudio: Display: Audio Device (ID: 1) registered with world 'Untitled_1'.
[2024.04.10-14.54.34:278][  0]LogAIModule: Creating AISystem for world Untitled_1
[2024.04.10-14.54.34:281][  0]LogEditorServer: Finished looking for orphan Actors (0.000 secs)
[2024.04.10-14.54.35:292][  0]LogUObjectHash: Compacting FUObjectHashTables data took   0.99ms
[2024.04.10-14.54.35:292][  0]Cmd: MAP CHECKDEP NOCLEARLOG
[2024.04.10-14.54.35:292][  0]MapCheck: Map check complete: 0 Error(s), 0 Warning(s), took 0,129ms to complete.
[2024.04.10-14.54.35:292][  0]LogFileHelpers: Loading map 'Template_Default' took 1.789
[2024.04.10-14.54.35:294][  0]LogUnrealEdMisc: Total Editor Startup Time, took 10.078
[2024.04.10-14.54.36:022][  0]LogSlate: Updating window title bar state: overlay mode, drag disabled, window buttons hidden, title bar hidden
[2024.04.10-14.54.36:054][  0]LogSlate: Updating window title bar state: overlay mode, drag disabled, window buttons hidden, title bar hidden
[2024.04.10-14.54.36:061][  0]LogSlate: Updating window title bar state: overlay mode, drag disabled, window buttons hidden, title bar hidden
[2024.04.10-14.54.36:068][  0]LogSlate: Updating window title bar state: overlay mode, drag disabled, window buttons hidden, title bar hidden
[2024.04.10-14.54.36:329][  0]LogNativeClassHierarchy: Verbose: Native class hierarchy populated in 0.0266 seconds. Added 3822 classes and 928 folders.
[2024.04.10-14.54.36:438][  0]LogNativeClassHierarchy: Verbose: Native class hierarchy updated for 'WidgetCarousel' in 0.0003 seconds. Added 0 classes and 0 folders.
[2024.04.10-14.54.36:440][  0]LogPakFile: PakFile PrimaryIndexSize=187
[2024.04.10-14.54.36:440][  0]LogPakFile: PakFile PathHashIndexSize=101
[2024.04.10-14.54.36:440][  0]LogPakFile: PakFile FullDirectoryIndexSize=148
[2024.04.10-14.54.36:440][  0]LogShaderLibrary: Display: ShaderCodeLibraryPakFileMountedCallback: PakFile 'E:/epic/UE_4.27/FeaturePacks/FP_FirstPerson.upack' (chunk index -1, root 'root:/') mounted
[2024.04.10-14.54.36:440][  0]LogShaderLibrary: Display: ShaderCodeLibraryPakFileMountedCallback: pending pak file info (ChunkID:-1 Root:root:/ File:E:/epic/UE_4.27/FeaturePacks/FP_FirstPerson.upack)
[2024.04.10-14.54.36:440][  0]LogPakFile: OnPakFileMounted2Time == 0.000063
[2024.04.10-14.54.36:441][  0]LogPakFile: PakFile PrimaryIndexSize=189
[2024.04.10-14.54.36:441][  0]LogPakFile: PakFile PathHashIndexSize=101
[2024.04.10-14.54.36:441][  0]LogPakFile: PakFile FullDirectoryIndexSize=152
[2024.04.10-14.54.36:441][  0]LogShaderLibrary: Display: ShaderCodeLibraryPakFileMountedCallback: PakFile 'E:/epic/UE_4.27/FeaturePacks/FP_FirstPersonBP.upack' (chunk index -1, root 'root:/') mounted
[2024.04.10-14.54.36:441][  0]LogShaderLibrary: Display: ShaderCodeLibraryPakFileMountedCallback: pending pak file info (ChunkID:-1 Root:root:/ File:E:/epic/UE_4.27/FeaturePacks/FP_FirstPersonBP.upack)
[2024.04.10-14.54.36:441][  0]LogPakFile: OnPakFileMounted2Time == 0.000069
[2024.04.10-14.54.36:441][  0]LogPakFile: PakFile PrimaryIndexSize=191
[2024.04.10-14.54.36:441][  0]LogPakFile: PakFile PathHashIndexSize=101
[2024.04.10-14.54.36:441][  0]LogPakFile: PakFile FullDirectoryIndexSize=160
[2024.04.10-14.54.36:441][  0]LogShaderLibrary: Display: ShaderCodeLibraryPakFileMountedCallback: PakFile 'E:/epic/UE_4.27/FeaturePacks/MobileStarterContent.upack' (chunk index -1, root 'root:/') mounted
[2024.04.10-14.54.36:441][  0]LogShaderLibrary: Display: ShaderCodeLibraryPakFileMountedCallback: pending pak file info (ChunkID:-1 Root:root:/ File:E:/epic/UE_4.27/FeaturePacks/MobileStarterContent.upack)
[2024.04.10-14.54.36:441][  0]LogPakFile: OnPakFileMounted2Time == 0.000036
[2024.04.10-14.54.36:442][  0]LogPakFile: PakFile PrimaryIndexSize=185
[2024.04.10-14.54.36:442][  0]LogPakFile: PakFile PathHashIndexSize=101
[2024.04.10-14.54.36:442][  0]LogPakFile: PakFile FullDirectoryIndexSize=148
[2024.04.10-14.54.36:442][  0]LogShaderLibrary: Display: ShaderCodeLibraryPakFileMountedCallback: PakFile 'E:/epic/UE_4.27/FeaturePacks/StarterContent.upack' (chunk index -1, root 'root:/') mounted
[2024.04.10-14.54.36:442][  0]LogShaderLibrary: Display: ShaderCodeLibraryPakFileMountedCallback: pending pak file info (ChunkID:-1 Root:root:/ File:E:/epic/UE_4.27/FeaturePacks/StarterContent.upack)
[2024.04.10-14.54.36:442][  0]LogPakFile: OnPakFileMounted2Time == 0.000037
[2024.04.10-14.54.36:442][  0]LogPakFile: PakFile PrimaryIndexSize=190
[2024.04.10-14.54.36:442][  0]LogPakFile: PakFile PathHashIndexSize=101
[2024.04.10-14.54.36:442][  0]LogPakFile: PakFile FullDirectoryIndexSize=154
[2024.04.10-14.54.36:442][  0]LogShaderLibrary: Display: ShaderCodeLibraryPakFileMountedCallback: PakFile 'E:/epic/UE_4.27/FeaturePacks/TP_2DSideScroller.upack' (chunk index -1, root 'root:/') mounted
[2024.04.10-14.54.36:442][  0]LogShaderLibrary: Display: ShaderCodeLibraryPakFileMountedCallback: pending pak file info (ChunkID:-1 Root:root:/ File:E:/epic/UE_4.27/FeaturePacks/TP_2DSideScroller.upack)
[2024.04.10-14.54.36:442][  0]LogPakFile: OnPakFileMounted2Time == 0.000035
[2024.04.10-14.54.36:443][  0]LogPakFile: PakFile PrimaryIndexSize=192
[2024.04.10-14.54.36:443][  0]LogPakFile: PakFile PathHashIndexSize=101
[2024.04.10-14.54.36:443][  0]LogPakFile: PakFile FullDirectoryIndexSize=158
[2024.04.10-14.54.36:443][  0]LogShaderLibrary: Display: ShaderCodeLibraryPakFileMountedCallback: PakFile 'E:/epic/UE_4.27/FeaturePacks/TP_2DSideScrollerBP.upack' (chunk index -1, root 'root:/') mounted
[2024.04.10-14.54.36:443][  0]LogShaderLibrary: Display: ShaderCodeLibraryPakFileMountedCallback: pending pak file info (ChunkID:-1 Root:root:/ File:E:/epic/UE_4.27/FeaturePacks/TP_2DSideScrollerBP.upack)
[2024.04.10-14.54.36:443][  0]LogPakFile: OnPakFileMounted2Time == 0.000037
[2024.04.10-14.54.36:443][  0]LogPakFile: PakFile PrimaryIndexSize=182
[2024.04.10-14.54.36:443][  0]LogPakFile: PakFile PathHashIndexSize=101
[2024.04.10-14.54.36:443][  0]LogPakFile: PakFile FullDirectoryIndexSize=138
[2024.04.10-14.54.36:443][  0]LogShaderLibrary: Display: ShaderCodeLibraryPakFileMountedCallback: PakFile 'E:/epic/UE_4.27/FeaturePacks/TP_Flying.upack' (chunk index -1, root 'root:/') mounted
[2024.04.10-14.54.36:443][  0]LogShaderLibrary: Display: ShaderCodeLibraryPakFileMountedCallback: pending pak file info (ChunkID:-1 Root:root:/ File:E:/epic/UE_4.27/FeaturePacks/TP_Flying.upack)
[2024.04.10-14.54.36:443][  0]LogPakFile: OnPakFileMounted2Time == 0.000033
[2024.04.10-14.54.36:444][  0]LogPakFile: PakFile PrimaryIndexSize=184
[2024.04.10-14.54.36:444][  0]LogPakFile: PakFile PathHashIndexSize=101
[2024.04.10-14.54.36:444][  0]LogPakFile: PakFile FullDirectoryIndexSize=142
[2024.04.10-14.54.36:444][  0]LogShaderLibrary: Display: ShaderCodeLibraryPakFileMountedCallback: PakFile 'E:/epic/UE_4.27/FeaturePacks/TP_FlyingBP.upack' (chunk index -1, root 'root:/') mounted
[2024.04.10-14.54.36:444][  0]LogShaderLibrary: Display: ShaderCodeLibraryPakFileMountedCallback: pending pak file info (ChunkID:-1 Root:root:/ File:E:/epic/UE_4.27/FeaturePacks/TP_FlyingBP.upack)
[2024.04.10-14.54.36:444][  0]LogPakFile: OnPakFileMounted2Time == 0.000087
[2024.04.10-14.54.36:444][  0]LogPakFile: PakFile PrimaryIndexSize=188
[2024.04.10-14.54.36:444][  0]LogPakFile: PakFile PathHashIndexSize=101
[2024.04.10-14.54.36:444][  0]LogPakFile: PakFile FullDirectoryIndexSize=150
[2024.04.10-14.54.36:444][  0]LogShaderLibrary: Display: ShaderCodeLibraryPakFileMountedCallback: PakFile 'E:/epic/UE_4.27/FeaturePacks/TP_HandheldARBP.upack' (chunk index -1, root 'root:/') mounted
[2024.04.10-14.54.36:444][  0]LogShaderLibrary: Display: ShaderCodeLibraryPakFileMountedCallback: pending pak file info (ChunkID:-1 Root:root:/ File:E:/epic/UE_4.27/FeaturePacks/TP_HandheldARBP.upack)
[2024.04.10-14.54.36:444][  0]LogPakFile: OnPakFileMounted2Time == 0.000036
[2024.04.10-14.54.36:445][  0]LogPakFile: PakFile PrimaryIndexSize=182
[2024.04.10-14.54.36:445][  0]LogPakFile: PakFile PathHashIndexSize=101
[2024.04.10-14.54.36:445][  0]LogPakFile: PakFile FullDirectoryIndexSize=138
[2024.04.10-14.54.36:445][  0]LogShaderLibrary: Display: ShaderCodeLibraryPakFileMountedCallback: PakFile 'E:/epic/UE_4.27/FeaturePacks/TP_Puzzle.upack' (chunk index -1, root 'root:/') mounted
[2024.04.10-14.54.36:445][  0]LogShaderLibrary: Display: ShaderCodeLibraryPakFileMountedCallback: pending pak file info (ChunkID:-1 Root:root:/ File:E:/epic/UE_4.27/FeaturePacks/TP_Puzzle.upack)
[2024.04.10-14.54.36:445][  0]LogPakFile: OnPakFileMounted2Time == 0.000036
[2024.04.10-14.54.36:446][  0]LogPakFile: PakFile PrimaryIndexSize=184
[2024.04.10-14.54.36:446][  0]LogPakFile: PakFile PathHashIndexSize=101
[2024.04.10-14.54.36:446][  0]LogPakFile: PakFile FullDirectoryIndexSize=142
[2024.04.10-14.54.36:446][  0]LogShaderLibrary: Display: ShaderCodeLibraryPakFileMountedCallback: PakFile 'E:/epic/UE_4.27/FeaturePacks/TP_PuzzleBP.upack' (chunk index -1, root 'root:/') mounted
[2024.04.10-14.54.36:446][  0]LogShaderLibrary: Display: ShaderCodeLibraryPakFileMountedCallback: pending pak file info (ChunkID:-1 Root:root:/ File:E:/epic/UE_4.27/FeaturePacks/TP_PuzzleBP.upack)
[2024.04.10-14.54.36:446][  0]LogPakFile: OnPakFileMounted2Time == 0.000037
[2024.04.10-14.54.36:446][  0]LogPakFile: PakFile PrimaryIndexSize=183
[2024.04.10-14.54.36:446][  0]LogPakFile: PakFile PathHashIndexSize=101
[2024.04.10-14.54.36:446][  0]LogPakFile: PakFile FullDirectoryIndexSize=140
[2024.04.10-14.54.36:446][  0]LogShaderLibrary: Display: ShaderCodeLibraryPakFileMountedCallback: PakFile 'E:/epic/UE_4.27/FeaturePacks/TP_Rolling.upack' (chunk index -1, root 'root:/') mounted
[2024.04.10-14.54.36:446][  0]LogShaderLibrary: Display: ShaderCodeLibraryPakFileMountedCallback: pending pak file info (ChunkID:-1 Root:root:/ File:E:/epic/UE_4.27/FeaturePacks/TP_Rolling.upack)
[2024.04.10-14.54.36:446][  0]LogPakFile: OnPakFileMounted2Time == 0.000054
[2024.04.10-14.54.36:447][  0]LogPakFile: PakFile PrimaryIndexSize=185
[2024.04.10-14.54.36:447][  0]LogPakFile: PakFile PathHashIndexSize=101
[2024.04.10-14.54.36:447][  0]LogPakFile: PakFile FullDirectoryIndexSize=144
[2024.04.10-14.54.36:447][  0]LogShaderLibrary: Display: ShaderCodeLibraryPakFileMountedCallback: PakFile 'E:/epic/UE_4.27/FeaturePacks/TP_RollingBP.upack' (chunk index -1, root 'root:/') mounted
[2024.04.10-14.54.36:447][  0]LogShaderLibrary: Display: ShaderCodeLibraryPakFileMountedCallback: pending pak file info (ChunkID:-1 Root:root:/ File:E:/epic/UE_4.27/FeaturePacks/TP_RollingBP.upack)
[2024.04.10-14.54.36:447][  0]LogPakFile: OnPakFileMounted2Time == 0.000035
[2024.04.10-14.54.36:447][  0]LogPakFile: PakFile PrimaryIndexSize=188
[2024.04.10-14.54.36:447][  0]LogPakFile: PakFile PathHashIndexSize=101
[2024.04.10-14.54.36:447][  0]LogPakFile: PakFile FullDirectoryIndexSize=150
[2024.04.10-14.54.36:447][  0]LogShaderLibrary: Display: ShaderCodeLibraryPakFileMountedCallback: PakFile 'E:/epic/UE_4.27/FeaturePacks/TP_SideScroller.upack' (chunk index -1, root 'root:/') mounted
[2024.04.10-14.54.36:447][  0]LogShaderLibrary: Display: ShaderCodeLibraryPakFileMountedCallback: pending pak file info (ChunkID:-1 Root:root:/ File:E:/epic/UE_4.27/FeaturePacks/TP_SideScroller.upack)
[2024.04.10-14.54.36:447][  0]LogPakFile: OnPakFileMounted2Time == 0.000036
[2024.04.10-14.54.36:448][  0]LogPakFile: PakFile PrimaryIndexSize=190
[2024.04.10-14.54.36:448][  0]LogPakFile: PakFile PathHashIndexSize=101
[2024.04.10-14.54.36:448][  0]LogPakFile: PakFile FullDirectoryIndexSize=154
[2024.04.10-14.54.36:448][  0]LogShaderLibrary: Display: ShaderCodeLibraryPakFileMountedCallback: PakFile 'E:/epic/UE_4.27/FeaturePacks/TP_SideScrollerBP.upack' (chunk index -1, root 'root:/') mounted
[2024.04.10-14.54.36:448][  0]LogShaderLibrary: Display: ShaderCodeLibraryPakFileMountedCallback: pending pak file info (ChunkID:-1 Root:root:/ File:E:/epic/UE_4.27/FeaturePacks/TP_SideScrollerBP.upack)
[2024.04.10-14.54.36:448][  0]LogPakFile: OnPakFileMounted2Time == 0.000037
[2024.04.10-14.54.36:448][  0]LogPakFile: PakFile PrimaryIndexSize=187
[2024.04.10-14.54.36:448][  0]LogPakFile: PakFile PathHashIndexSize=101
[2024.04.10-14.54.36:448][  0]LogPakFile: PakFile FullDirectoryIndexSize=148
[2024.04.10-14.54.36:448][  0]LogShaderLibrary: Display: ShaderCodeLibraryPakFileMountedCallback: PakFile 'E:/epic/UE_4.27/FeaturePacks/TP_ThirdPerson.upack' (chunk index -1, root 'root:/') mounted
[2024.04.10-14.54.36:448][  0]LogShaderLibrary: Display: ShaderCodeLibraryPakFileMountedCallback: pending pak file info (ChunkID:-1 Root:root:/ File:E:/epic/UE_4.27/FeaturePacks/TP_ThirdPerson.upack)
[2024.04.10-14.54.36:448][  0]LogPakFile: OnPakFileMounted2Time == 0.000035
[2024.04.10-14.54.36:449][  0]LogPakFile: PakFile PrimaryIndexSize=189
[2024.04.10-14.54.36:449][  0]LogPakFile: PakFile PathHashIndexSize=101
[2024.04.10-14.54.36:449][  0]LogPakFile: PakFile FullDirectoryIndexSize=152
[2024.04.10-14.54.36:449][  0]LogShaderLibrary: Display: ShaderCodeLibraryPakFileMountedCallback: PakFile 'E:/epic/UE_4.27/FeaturePacks/TP_ThirdPersonBP.upack' (chunk index -1, root 'root:/') mounted
[2024.04.10-14.54.36:449][  0]LogShaderLibrary: Display: ShaderCodeLibraryPakFileMountedCallback: pending pak file info (ChunkID:-1 Root:root:/ File:E:/epic/UE_4.27/FeaturePacks/TP_ThirdPersonBP.upack)
[2024.04.10-14.54.36:449][  0]LogPakFile: OnPakFileMounted2Time == 0.000038
[2024.04.10-14.54.36:449][  0]LogPakFile: PakFile PrimaryIndexSize=183
[2024.04.10-14.54.36:449][  0]LogPakFile: PakFile PathHashIndexSize=101
[2024.04.10-14.54.36:449][  0]LogPakFile: PakFile FullDirectoryIndexSize=140
[2024.04.10-14.54.36:449][  0]LogShaderLibrary: Display: ShaderCodeLibraryPakFileMountedCallback: PakFile 'E:/epic/UE_4.27/FeaturePacks/TP_TopDown.upack' (chunk index -1, root 'root:/') mounted
[2024.04.10-14.54.36:449][  0]LogShaderLibrary: Display: ShaderCodeLibraryPakFileMountedCallback: pending pak file info (ChunkID:-1 Root:root:/ File:E:/epic/UE_4.27/FeaturePacks/TP_TopDown.upack)
[2024.04.10-14.54.36:449][  0]LogPakFile: OnPakFileMounted2Time == 0.000052
[2024.04.10-14.54.36:450][  0]LogPakFile: PakFile PrimaryIndexSize=185
[2024.04.10-14.54.36:450][  0]LogPakFile: PakFile PathHashIndexSize=101
[2024.04.10-14.54.36:450][  0]LogPakFile: PakFile FullDirectoryIndexSize=144
[2024.04.10-14.54.36:450][  0]LogShaderLibrary: Display: ShaderCodeLibraryPakFileMountedCallback: PakFile 'E:/epic/UE_4.27/FeaturePacks/TP_TopDownBP.upack' (chunk index -1, root 'root:/') mounted
[2024.04.10-14.54.36:450][  0]LogShaderLibrary: Display: ShaderCodeLibraryPakFileMountedCallback: pending pak file info (ChunkID:-1 Root:root:/ File:E:/epic/UE_4.27/FeaturePacks/TP_TopDownBP.upack)
[2024.04.10-14.54.36:450][  0]LogPakFile: OnPakFileMounted2Time == 0.000037
[2024.04.10-14.54.36:450][  0]LogPakFile: PakFile PrimaryIndexSize=185
[2024.04.10-14.54.36:450][  0]LogPakFile: PakFile PathHashIndexSize=101
[2024.04.10-14.54.36:450][  0]LogPakFile: PakFile FullDirectoryIndexSize=144
[2024.04.10-14.54.36:450][  0]LogShaderLibrary: Display: ShaderCodeLibraryPakFileMountedCallback: PakFile 'E:/epic/UE_4.27/FeaturePacks/TP_TwinStick.upack' (chunk index -1, root 'root:/') mounted
[2024.04.10-14.54.36:450][  0]LogShaderLibrary: Display: ShaderCodeLibraryPakFileMountedCallback: pending pak file info (ChunkID:-1 Root:root:/ File:E:/epic/UE_4.27/FeaturePacks/TP_TwinStick.upack)
[2024.04.10-14.54.36:450][  0]LogPakFile: OnPakFileMounted2Time == 0.000036
[2024.04.10-14.54.36:451][  0]LogPakFile: PakFile PrimaryIndexSize=187
[2024.04.10-14.54.36:451][  0]LogPakFile: PakFile PathHashIndexSize=101
[2024.04.10-14.54.36:451][  0]LogPakFile: PakFile FullDirectoryIndexSize=148
[2024.04.10-14.54.36:451][  0]LogShaderLibrary: Display: ShaderCodeLibraryPakFileMountedCallback: PakFile 'E:/epic/UE_4.27/FeaturePacks/TP_TwinStickBP.upack' (chunk index -1, root 'root:/') mounted
[2024.04.10-14.54.36:451][  0]LogShaderLibrary: Display: ShaderCodeLibraryPakFileMountedCallback: pending pak file info (ChunkID:-1 Root:root:/ File:E:/epic/UE_4.27/FeaturePacks/TP_TwinStickBP.upack)
[2024.04.10-14.54.36:451][  0]LogPakFile: OnPakFileMounted2Time == 0.000039
[2024.04.10-14.54.36:451][  0]LogPakFile: PakFile PrimaryIndexSize=183
[2024.04.10-14.54.36:451][  0]LogPakFile: PakFile PathHashIndexSize=101
[2024.04.10-14.54.36:452][  0]LogPakFile: PakFile FullDirectoryIndexSize=140
[2024.04.10-14.54.36:452][  0]LogShaderLibrary: Display: ShaderCodeLibraryPakFileMountedCallback: PakFile 'E:/epic/UE_4.27/FeaturePacks/TP_Vehicle.upack' (chunk index -1, root 'root:/') mounted
[2024.04.10-14.54.36:452][  0]LogShaderLibrary: Display: ShaderCodeLibraryPakFileMountedCallback: pending pak file info (ChunkID:-1 Root:root:/ File:E:/epic/UE_4.27/FeaturePacks/TP_Vehicle.upack)
[2024.04.10-14.54.36:452][  0]LogPakFile: OnPakFileMounted2Time == 0.000040
[2024.04.10-14.54.36:452][  0]LogPakFile: PakFile PrimaryIndexSize=186
[2024.04.10-14.54.36:452][  0]LogPakFile: PakFile PathHashIndexSize=101
[2024.04.10-14.54.36:452][  0]LogPakFile: PakFile FullDirectoryIndexSize=146
[2024.04.10-14.54.36:452][  0]LogShaderLibrary: Display: ShaderCodeLibraryPakFileMountedCallback: PakFile 'E:/epic/UE_4.27/FeaturePacks/TP_VehicleAdv.upack' (chunk index -1, root 'root:/') mounted
[2024.04.10-14.54.36:452][  0]LogShaderLibrary: Display: ShaderCodeLibraryPakFileMountedCallback: pending pak file info (ChunkID:-1 Root:root:/ File:E:/epic/UE_4.27/FeaturePacks/TP_VehicleAdv.upack)
[2024.04.10-14.54.36:452][  0]LogPakFile: OnPakFileMounted2Time == 0.000040
[2024.04.10-14.54.36:453][  0]LogPakFile: PakFile PrimaryIndexSize=188
[2024.04.10-14.54.36:453][  0]LogPakFile: PakFile PathHashIndexSize=101
[2024.04.10-14.54.36:453][  0]LogPakFile: PakFile FullDirectoryIndexSize=150
[2024.04.10-14.54.36:453][  0]LogShaderLibrary: Display: ShaderCodeLibraryPakFileMountedCallback: PakFile 'E:/epic/UE_4.27/FeaturePacks/TP_VehicleAdvBP.upack' (chunk index -1, root 'root:/') mounted
[2024.04.10-14.54.36:453][  0]LogShaderLibrary: Display: ShaderCodeLibraryPakFileMountedCallback: pending pak file info (ChunkID:-1 Root:root:/ File:E:/epic/UE_4.27/FeaturePacks/TP_VehicleAdvBP.upack)
[2024.04.10-14.54.36:453][  0]LogPakFile: OnPakFileMounted2Time == 0.000047
[2024.04.10-14.54.36:453][  0]LogPakFile: PakFile PrimaryIndexSize=185
[2024.04.10-14.54.36:453][  0]LogPakFile: PakFile PathHashIndexSize=101
[2024.04.10-14.54.36:453][  0]LogPakFile: PakFile FullDirectoryIndexSize=144
[2024.04.10-14.54.36:453][  0]LogShaderLibrary: Display: ShaderCodeLibraryPakFileMountedCallback: PakFile 'E:/epic/UE_4.27/FeaturePacks/TP_VehicleBP.upack' (chunk index -1, root 'root:/') mounted
[2024.04.10-14.54.36:453][  0]LogShaderLibrary: Display: ShaderCodeLibraryPakFileMountedCallback: pending pak file info (ChunkID:-1 Root:root:/ File:E:/epic/UE_4.27/FeaturePacks/TP_VehicleBP.upack)
[2024.04.10-14.54.36:453][  0]LogPakFile: OnPakFileMounted2Time == 0.000043
[2024.04.10-14.54.36:454][  0]LogPakFile: PakFile PrimaryIndexSize=192
[2024.04.10-14.54.36:454][  0]LogPakFile: PakFile PathHashIndexSize=101
[2024.04.10-14.54.36:454][  0]LogPakFile: PakFile FullDirectoryIndexSize=158
[2024.04.10-14.54.36:454][  0]LogShaderLibrary: Display: ShaderCodeLibraryPakFileMountedCallback: PakFile 'E:/epic/UE_4.27/FeaturePacks/TP_VirtualRealityBP.upack' (chunk index -1, root 'root:/') mounted
[2024.04.10-14.54.36:454][  0]LogShaderLibrary: Display: ShaderCodeLibraryPakFileMountedCallback: pending pak file info (ChunkID:-1 Root:root:/ File:E:/epic/UE_4.27/FeaturePacks/TP_VirtualRealityBP.upack)
[2024.04.10-14.54.36:454][  0]LogPakFile: OnPakFileMounted2Time == 0.000038
[2024.04.10-14.54.36:491][  0]LogNativeClassHierarchy: Verbose: Native class hierarchy updated for 'AddContentDialog' in 0.0003 seconds. Added 0 classes and 0 folders.
[2024.04.10-14.54.36:570][  0]LogNativeClassHierarchy: Verbose: Native class hierarchy updated for 'SceneOutliner' in 0.0003 seconds. Added 2 classes and 0 folders.
[2024.04.10-14.54.37:422][  0]LogSlate: Took 0.000153 seconds to synchronously load lazily loaded font '../../../Engine/Content/Slate/Fonts/Roboto-Regular.ttf' (155K)
[2024.04.10-14.54.37:442][  0]LogSlate: Took 0.018857 seconds to synchronously load lazily loaded font '../../../Engine/Content/Editor/Slate/Fonts/FontAwesome.ttf' (139K)
[2024.04.10-14.54.37:457][  0]LogSlate: Took 0.000132 seconds to synchronously load lazily loaded font '../../../Engine/Content/Slate/Fonts/Roboto-Bold.ttf' (160K)
[2024.04.10-14.54.37:833][  0]LogRenderer: Reallocating scene render targets to support 1208x572 Format 10 NumSamples 1 (Frame:1).
[2024.04.10-14.54.40:148][  0]LogNativeClassHierarchy: Verbose: Native class hierarchy updated for 'HierarchicalLODOutliner' in 0.0003 seconds. Added 0 classes and 0 folders.
[2024.04.10-14.54.40:148][  0]LogLoad: (Engine Initialization) Total time: 14.93 seconds
[2024.04.10-14.54.40:148][  0]LogLoad: (Engine Initialization) Total Blueprint compile time: 0.00 seconds
[2024.04.10-14.54.40:229][  0]LogAssetRegistry: Asset discovery search completed in 11.8463 seconds
[2024.04.10-14.54.40:234][  0]LogCollectionManager: Fixed up redirectors for 0 collections in 0.000004 seconds (updated 0 objects)
[2024.04.10-14.54.40:236][  0]LogContentStreaming: Texture pool size now 1000 MB
